{"/home/lokers/React-project/blinkist/src/App.tsx": {"path":"/home/lokers/React-project/blinkist/src/App.tsx","statementMap":{"0":{"start":{"line":30,"column":14},"end":{"line":41,"column":1}},"1":{"start":{"line":43,"column":19},"end":{"line":92,"column":1}},"2":{"start":{"line":94,"column":20},"end":{"line":127,"column":1}},"3":{"start":{"line":130,"column":32},"end":{"line":130,"column":47}},"4":{"start":{"line":131,"column":26},"end":{"line":131,"column":41}},"5":{"start":{"line":132,"column":30},"end":{"line":132,"column":42}},"6":{"start":{"line":133,"column":23},"end":{"line":136,"column":3}},"7":{"start":{"line":134,"column":4},"end":{"line":134,"column":25}},"8":{"start":{"line":135,"column":4},"end":{"line":135,"column":19}},"9":{"start":{"line":138,"column":30},"end":{"line":138,"column":45}},"10":{"start":{"line":139,"column":26},"end":{"line":158,"column":3}},"11":{"start":{"line":140,"column":4},"end":{"line":157,"column":5}},"12":{"start":{"line":141,"column":17},"end":{"line":141,"column":59}},"13":{"start":{"line":141,"column":43},"end":{"line":141,"column":58}},"14":{"start":{"line":142,"column":6},"end":{"line":151,"column":7}},"15":{"start":{"line":143,"column":8},"end":{"line":150,"column":10}},"16":{"start":{"line":152,"column":6},"end":{"line":152,"column":28}},"17":{"start":{"line":153,"column":16},"end":{"line":153,"column":60}},"18":{"start":{"line":153,"column":44},"end":{"line":153,"column":59}},"19":{"start":{"line":154,"column":6},"end":{"line":154,"column":24}},"20":{"start":{"line":155,"column":6},"end":{"line":155,"column":30}},"21":{"start":{"line":156,"column":6},"end":{"line":156,"column":25}},"22":{"start":{"line":160,"column":23},"end":{"line":179,"column":3}},"23":{"start":{"line":161,"column":4},"end":{"line":178,"column":5}},"24":{"start":{"line":162,"column":17},"end":{"line":162,"column":58}},"25":{"start":{"line":162,"column":42},"end":{"line":162,"column":57}},"26":{"start":{"line":163,"column":6},"end":{"line":172,"column":7}},"27":{"start":{"line":164,"column":8},"end":{"line":171,"column":10}},"28":{"start":{"line":173,"column":6},"end":{"line":173,"column":27}},"29":{"start":{"line":174,"column":16},"end":{"line":174,"column":59}},"30":{"start":{"line":174,"column":43},"end":{"line":174,"column":58}},"31":{"start":{"line":175,"column":6},"end":{"line":175,"column":23}},"32":{"start":{"line":176,"column":6},"end":{"line":176,"column":31}},"33":{"start":{"line":177,"column":6},"end":{"line":177,"column":25}},"34":{"start":{"line":181,"column":2},"end":{"line":226,"column":4}}},"fnMap":{"0":{"name":"App","decl":{"start":{"line":129,"column":9},"end":{"line":129,"column":12}},"loc":{"start":{"line":129,"column":15},"end":{"line":227,"column":1}},"line":129},"1":{"name":"(anonymous_1)","decl":{"start":{"line":133,"column":23},"end":{"line":133,"column":24}},"loc":{"start":{"line":133,"column":29},"end":{"line":136,"column":3}},"line":133},"2":{"name":"(anonymous_2)","decl":{"start":{"line":139,"column":26},"end":{"line":139,"column":27}},"loc":{"start":{"line":139,"column":44},"end":{"line":158,"column":3}},"line":139},"3":{"name":"(anonymous_3)","decl":{"start":{"line":141,"column":36},"end":{"line":141,"column":37}},"loc":{"start":{"line":141,"column":43},"end":{"line":141,"column":58}},"line":141},"4":{"name":"(anonymous_4)","decl":{"start":{"line":153,"column":37},"end":{"line":153,"column":38}},"loc":{"start":{"line":153,"column":44},"end":{"line":153,"column":59}},"line":153},"5":{"name":"(anonymous_5)","decl":{"start":{"line":160,"column":23},"end":{"line":160,"column":24}},"loc":{"start":{"line":160,"column":41},"end":{"line":179,"column":3}},"line":160},"6":{"name":"(anonymous_6)","decl":{"start":{"line":162,"column":35},"end":{"line":162,"column":36}},"loc":{"start":{"line":162,"column":42},"end":{"line":162,"column":57}},"line":162},"7":{"name":"(anonymous_7)","decl":{"start":{"line":174,"column":36},"end":{"line":174,"column":37}},"loc":{"start":{"line":174,"column":43},"end":{"line":174,"column":58}},"line":174}},"branchMap":{"0":{"loc":{"start":{"line":140,"column":4},"end":{"line":157,"column":5}},"type":"if","locations":[{"start":{"line":140,"column":4},"end":{"line":157,"column":5}},{"start":{},"end":{}}],"line":140},"1":{"loc":{"start":{"line":142,"column":6},"end":{"line":151,"column":7}},"type":"if","locations":[{"start":{"line":142,"column":6},"end":{"line":151,"column":7}},{"start":{},"end":{}}],"line":142},"2":{"loc":{"start":{"line":161,"column":4},"end":{"line":178,"column":5}},"type":"if","locations":[{"start":{"line":161,"column":4},"end":{"line":178,"column":5}},{"start":{},"end":{}}],"line":161},"3":{"loc":{"start":{"line":163,"column":6},"end":{"line":172,"column":7}},"type":"if","locations":[{"start":{"line":163,"column":6},"end":{"line":172,"column":7}},{"start":{},"end":{}}],"line":163},"4":{"loc":{"start":{"line":186,"column":9},"end":{"line":186,"column":74}},"type":"cond-expr","locations":[{"start":{"line":186,"column":19},"end":{"line":186,"column":62}},{"start":{"line":186,"column":65},"end":{"line":186,"column":74}}],"line":186}},"s":{"0":0,"1":0,"2":0,"3":0,"4":0,"5":0,"6":0,"7":0,"8":0,"9":0,"10":0,"11":0,"12":0,"13":0,"14":0,"15":0,"16":0,"17":0,"18":0,"19":0,"20":0,"21":0,"22":0,"23":0,"24":0,"25":0,"26":0,"27":0,"28":0,"29":0,"30":0,"31":0,"32":0,"33":0,"34":0},"f":{"0":0,"1":0,"2":0,"3":0,"4":0,"5":0,"6":0,"7":0},"b":{"0":[0,0],"1":[0,0],"2":[0,0],"3":[0,0],"4":[0,0]}}
,"/home/lokers/React-project/blinkist/src/index.tsx": {"path":"/home/lokers/React-project/blinkist/src/index.tsx","statementMap":{"0":{"start":{"line":8,"column":0},"end":{"line":15,"column":2}},"1":{"start":{"line":20,"column":0},"end":{"line":20,"column":18}}},"fnMap":{},"branchMap":{},"s":{"0":0,"1":0},"f":{},"b":{}}
,"/home/lokers/React-project/blinkist/src/reportWebVitals.ts": {"path":"/home/lokers/React-project/blinkist/src/reportWebVitals.ts","statementMap":{"0":{"start":{"line":3,"column":24},"end":{"line":13,"column":1}},"1":{"start":{"line":4,"column":2},"end":{"line":12,"column":3}},"2":{"start":{"line":5,"column":4},"end":{"line":11,"column":7}},"3":{"start":{"line":6,"column":6},"end":{"line":6,"column":26}},"4":{"start":{"line":7,"column":6},"end":{"line":7,"column":26}},"5":{"start":{"line":8,"column":6},"end":{"line":8,"column":26}},"6":{"start":{"line":9,"column":6},"end":{"line":9,"column":26}},"7":{"start":{"line":10,"column":6},"end":{"line":10,"column":27}}},"fnMap":{"0":{"name":"(anonymous_0)","decl":{"start":{"line":3,"column":24},"end":{"line":3,"column":25}},"loc":{"start":{"line":3,"column":57},"end":{"line":13,"column":1}},"line":3},"1":{"name":"(anonymous_1)","decl":{"start":{"line":5,"column":30},"end":{"line":5,"column":31}},"loc":{"start":{"line":5,"column":79},"end":{"line":11,"column":5}},"line":5}},"branchMap":{"0":{"loc":{"start":{"line":4,"column":2},"end":{"line":12,"column":3}},"type":"if","locations":[{"start":{"line":4,"column":2},"end":{"line":12,"column":3}},{"start":{},"end":{}}],"line":4},"1":{"loc":{"start":{"line":4,"column":6},"end":{"line":4,"column":52}},"type":"binary-expr","locations":[{"start":{"line":4,"column":6},"end":{"line":4,"column":17}},{"start":{"line":4,"column":21},"end":{"line":4,"column":52}}],"line":4}},"s":{"0":0,"1":0,"2":0,"3":0,"4":0,"5":0,"6":0,"7":0},"f":{"0":0,"1":0},"b":{"0":[0,0],"1":[0,0]}}
,"/home/lokers/React-project/blinkist/src/components/Templates/enterpreneurbook/EnterpreneurReading.tsx": {"path":"/home/lokers/React-project/blinkist/src/components/Templates/enterpreneurbook/EnterpreneurReading.tsx","statementMap":{"0":{"start":{"line":12,"column":20},"end":{"line":19,"column":3}},"1":{"start":{"line":25,"column":30},"end":{"line":34,"column":3}},"2":{"start":{"line":27,"column":20},"end":{"line":27,"column":88}},"3":{"start":{"line":27,"column":43},"end":{"line":27,"column":87}},"4":{"start":{"line":29,"column":4},"end":{"line":33,"column":5}}},"fnMap":{"0":{"name":"(anonymous_0)","decl":{"start":{"line":25,"column":30},"end":{"line":25,"column":31}},"loc":{"start":{"line":25,"column":47},"end":{"line":34,"column":3}},"line":25},"1":{"name":"(anonymous_1)","decl":{"start":{"line":27,"column":40},"end":{"line":27,"column":41}},"loc":{"start":{"line":27,"column":43},"end":{"line":27,"column":87}},"line":27}},"branchMap":{},"s":{"0":0,"1":0,"2":0,"3":0,"4":0},"f":{"0":0,"1":0},"b":{}}
,"/home/lokers/React-project/blinkist/src/components/Templates/enterpreneurbook/EnterprenurReading.stories.tsx": {"path":"/home/lokers/React-project/blinkist/src/components/Templates/enterpreneurbook/EnterprenurReading.stories.tsx","statementMap":{"0":{"start":{"line":9,"column":60},"end":{"line":9,"column":101}},"1":{"start":{"line":9,"column":70},"end":{"line":9,"column":101}},"2":{"start":{"line":11,"column":23},"end":{"line":11,"column":40}},"3":{"start":{"line":13,"column":0},"end":{"line":15,"column":1}}},"fnMap":{"0":{"name":"(anonymous_0)","decl":{"start":{"line":9,"column":60},"end":{"line":9,"column":61}},"loc":{"start":{"line":9,"column":70},"end":{"line":9,"column":101}},"line":9}},"branchMap":{},"s":{"0":0,"1":0,"2":0,"3":0},"f":{"0":0},"b":{}}
,"/home/lokers/React-project/blinkist/src/components/Templates/finished/MainPageFinished.tsx": {"path":"/home/lokers/React-project/blinkist/src/components/Templates/finished/MainPageFinished.tsx","statementMap":{"0":{"start":{"line":17,"column":25},"end":{"line":25,"column":1}},"1":{"start":{"line":18,"column":2},"end":{"line":24,"column":4}}},"fnMap":{"0":{"name":"(anonymous_0)","decl":{"start":{"line":17,"column":25},"end":{"line":17,"column":26}},"loc":{"start":{"line":17,"column":43},"end":{"line":25,"column":1}},"line":17}},"branchMap":{},"s":{"0":0,"1":0},"f":{"0":0},"b":{}}
,"/home/lokers/React-project/blinkist/src/components/Templates/reading/MainPageReading.tsx": {"path":"/home/lokers/React-project/blinkist/src/components/Templates/reading/MainPageReading.tsx","statementMap":{"0":{"start":{"line":16,"column":24},"end":{"line":24,"column":1}},"1":{"start":{"line":17,"column":2},"end":{"line":23,"column":4}}},"fnMap":{"0":{"name":"(anonymous_0)","decl":{"start":{"line":16,"column":24},"end":{"line":16,"column":25}},"loc":{"start":{"line":16,"column":42},"end":{"line":24,"column":1}},"line":16}},"branchMap":{},"s":{"0":0,"1":0},"f":{"0":0},"b":{}}
,"/home/lokers/React-project/blinkist/src/components/atoms/addtolibrarybutton/AddToLibraryButton.stories.tsx": {"path":"/home/lokers/React-project/blinkist/src/components/atoms/addtolibrarybutton/AddToLibraryButton.stories.tsx","statementMap":{"0":{"start":{"line":9,"column":60},"end":{"line":9,"column":87}},"1":{"start":{"line":9,"column":66},"end":{"line":9,"column":87}},"2":{"start":{"line":11,"column":23},"end":{"line":11,"column":40}}},"fnMap":{"0":{"name":"(anonymous_0)","decl":{"start":{"line":9,"column":60},"end":{"line":9,"column":61}},"loc":{"start":{"line":9,"column":66},"end":{"line":9,"column":87}},"line":9}},"branchMap":{},"s":{"0":0,"1":0,"2":0},"f":{"0":0},"b":{}}
,"/home/lokers/React-project/blinkist/src/components/atoms/addtolibrarybutton/AddToLibraryButton.tsx": {"path":"/home/lokers/React-project/blinkist/src/components/atoms/addtolibrarybutton/AddToLibraryButton.tsx","statementMap":{"0":{"start":{"line":8,"column":20},"end":{"line":22,"column":2}},"1":{"start":{"line":25,"column":18},"end":{"line":25,"column":31}},"2":{"start":{"line":26,"column":2},"end":{"line":32,"column":4}}},"fnMap":{"0":{"name":"AddToLibraryButton","decl":{"start":{"line":24,"column":10},"end":{"line":24,"column":28}},"loc":{"start":{"line":24,"column":31},"end":{"line":33,"column":1}},"line":24}},"branchMap":{},"s":{"0":1,"1":1,"2":1},"f":{"0":1},"b":{},"_coverageSchema":"1a1c01bbd47fc00a2c39e90264f33305004495a9","hash":"8fe671faf337f1a25bb5718cf05ca4b212d75757"}
,"/home/lokers/React-project/blinkist/src/components/atoms/author/AuthorName.stories.tsx": {"path":"/home/lokers/React-project/blinkist/src/components/atoms/author/AuthorName.stories.tsx","statementMap":{"0":{"start":{"line":10,"column":52},"end":{"line":10,"column":86}},"1":{"start":{"line":10,"column":62},"end":{"line":10,"column":86}},"2":{"start":{"line":12,"column":23},"end":{"line":12,"column":40}},"3":{"start":{"line":14,"column":0},"end":{"line":16,"column":2}}},"fnMap":{"0":{"name":"(anonymous_0)","decl":{"start":{"line":10,"column":52},"end":{"line":10,"column":53}},"loc":{"start":{"line":10,"column":62},"end":{"line":10,"column":86}},"line":10}},"branchMap":{},"s":{"0":0,"1":0,"2":0,"3":0},"f":{"0":0},"b":{}}
,"/home/lokers/React-project/blinkist/src/components/atoms/author/AuthorName.tsx": {"path":"/home/lokers/React-project/blinkist/src/components/atoms/author/AuthorName.tsx","statementMap":{"0":{"start":{"line":9,"column":17},"end":{"line":16,"column":2}},"1":{"start":{"line":17,"column":19},"end":{"line":26,"column":1}},"2":{"start":{"line":18,"column":18},"end":{"line":18,"column":28}},"3":{"start":{"line":19,"column":2},"end":{"line":25,"column":4}}},"fnMap":{"0":{"name":"(anonymous_0)","decl":{"start":{"line":17,"column":19},"end":{"line":17,"column":20}},"loc":{"start":{"line":17,"column":45},"end":{"line":26,"column":1}},"line":17}},"branchMap":{},"s":{"0":1,"1":1,"2":1,"3":1},"f":{"0":1},"b":{},"_coverageSchema":"1a1c01bbd47fc00a2c39e90264f33305004495a9","hash":"6bf98993bdd1ff5d549150a7eae5127794a04b74"}
,"/home/lokers/React-project/blinkist/src/components/atoms/avatar/LoginAvatar.stories.tsx": {"path":"/home/lokers/React-project/blinkist/src/components/atoms/avatar/LoginAvatar.stories.tsx","statementMap":{"0":{"start":{"line":9,"column":53},"end":{"line":9,"column":75}},"1":{"start":{"line":9,"column":59},"end":{"line":9,"column":75}},"2":{"start":{"line":11,"column":23},"end":{"line":11,"column":40}}},"fnMap":{"0":{"name":"(anonymous_0)","decl":{"start":{"line":9,"column":53},"end":{"line":9,"column":54}},"loc":{"start":{"line":9,"column":59},"end":{"line":9,"column":75}},"line":9}},"branchMap":{},"s":{"0":0,"1":0,"2":0},"f":{"0":0},"b":{}}
,"/home/lokers/React-project/blinkist/src/components/atoms/avatar/LoginAvatar.tsx": {"path":"/home/lokers/React-project/blinkist/src/components/atoms/avatar/LoginAvatar.tsx","statementMap":{"0":{"start":{"line":5,"column":20},"end":{"line":13,"column":1}},"1":{"start":{"line":6,"column":19},"end":{"line":10,"column":4}},"2":{"start":{"line":11,"column":18},"end":{"line":11,"column":28}},"3":{"start":{"line":12,"column":2},"end":{"line":12,"column":58}}},"fnMap":{"0":{"name":"(anonymous_0)","decl":{"start":{"line":5,"column":20},"end":{"line":5,"column":21}},"loc":{"start":{"line":5,"column":26},"end":{"line":13,"column":1}},"line":5}},"branchMap":{},"s":{"0":0,"1":0,"2":0,"3":0},"f":{"0":0},"b":{}}
,"/home/lokers/React-project/blinkist/src/components/atoms/banner/image/BannerImage.stories.tsx": {"path":"/home/lokers/React-project/blinkist/src/components/atoms/banner/image/BannerImage.stories.tsx","statementMap":{"0":{"start":{"line":10,"column":52},"end":{"line":10,"column":71}},"1":{"start":{"line":10,"column":56},"end":{"line":10,"column":71}},"2":{"start":{"line":12,"column":23},"end":{"line":12,"column":40}}},"fnMap":{"0":{"name":"(anonymous_0)","decl":{"start":{"line":10,"column":52},"end":{"line":10,"column":53}},"loc":{"start":{"line":10,"column":56},"end":{"line":10,"column":71}},"line":10}},"branchMap":{},"s":{"0":0,"1":0,"2":0},"f":{"0":0},"b":{}}
,"/home/lokers/React-project/blinkist/src/components/atoms/banner/image/BannerImage.tsx": {"path":"/home/lokers/React-project/blinkist/src/components/atoms/banner/image/BannerImage.tsx","statementMap":{"0":{"start":{"line":5,"column":27},"end":{"line":11,"column":1}},"1":{"start":{"line":6,"column":2},"end":{"line":10,"column":4}}},"fnMap":{"0":{"name":"(anonymous_0)","decl":{"start":{"line":5,"column":27},"end":{"line":5,"column":28}},"loc":{"start":{"line":5,"column":33},"end":{"line":11,"column":1}},"line":5}},"branchMap":{},"s":{"0":1,"1":1},"f":{"0":1},"b":{},"_coverageSchema":"1a1c01bbd47fc00a2c39e90264f33305004495a9","hash":"f17aac220ac09bb4ffeac4c6245fc68fa8981808"}
,"/home/lokers/React-project/blinkist/src/components/atoms/banner/itemone/BannerItemOne.stories.tsx": {"path":"/home/lokers/React-project/blinkist/src/components/atoms/banner/itemone/BannerItemOne.stories.tsx","statementMap":{"0":{"start":{"line":9,"column":54},"end":{"line":9,"column":75}},"1":{"start":{"line":9,"column":58},"end":{"line":9,"column":75}},"2":{"start":{"line":11,"column":23},"end":{"line":11,"column":40}}},"fnMap":{"0":{"name":"(anonymous_0)","decl":{"start":{"line":9,"column":54},"end":{"line":9,"column":55}},"loc":{"start":{"line":9,"column":58},"end":{"line":9,"column":75}},"line":9}},"branchMap":{},"s":{"0":0,"1":0,"2":0},"f":{"0":0},"b":{}}
,"/home/lokers/React-project/blinkist/src/components/atoms/banner/itemone/BannerItemOne.tsx": {"path":"/home/lokers/React-project/blinkist/src/components/atoms/banner/itemone/BannerItemOne.tsx","statementMap":{"0":{"start":{"line":4,"column":29},"end":{"line":22,"column":1}},"1":{"start":{"line":5,"column":18},"end":{"line":12,"column":2}},"2":{"start":{"line":13,"column":16},"end":{"line":13,"column":27}},"3":{"start":{"line":14,"column":4},"end":{"line":21,"column":5}}},"fnMap":{"0":{"name":"(anonymous_0)","decl":{"start":{"line":4,"column":29},"end":{"line":4,"column":30}},"loc":{"start":{"line":4,"column":35},"end":{"line":22,"column":1}},"line":4}},"branchMap":{},"s":{"0":1,"1":1,"2":1,"3":1},"f":{"0":1},"b":{},"_coverageSchema":"1a1c01bbd47fc00a2c39e90264f33305004495a9","hash":"103b93f0eef86c25dd283cd425606911c99a8891"}
,"/home/lokers/React-project/blinkist/src/components/atoms/banner/itemtwo/BannerItemTwo.stories.tsx": {"path":"/home/lokers/React-project/blinkist/src/components/atoms/banner/itemtwo/BannerItemTwo.stories.tsx","statementMap":{"0":{"start":{"line":9,"column":54},"end":{"line":9,"column":75}},"1":{"start":{"line":9,"column":58},"end":{"line":9,"column":75}},"2":{"start":{"line":11,"column":23},"end":{"line":11,"column":40}}},"fnMap":{"0":{"name":"(anonymous_0)","decl":{"start":{"line":9,"column":54},"end":{"line":9,"column":55}},"loc":{"start":{"line":9,"column":58},"end":{"line":9,"column":75}},"line":9}},"branchMap":{},"s":{"0":0,"1":0,"2":0},"f":{"0":0},"b":{}}
,"/home/lokers/React-project/blinkist/src/components/atoms/banner/itemtwo/BannerItemTwo.tsx": {"path":"/home/lokers/React-project/blinkist/src/components/atoms/banner/itemtwo/BannerItemTwo.tsx","statementMap":{"0":{"start":{"line":4,"column":22},"end":{"line":23,"column":1}},"1":{"start":{"line":6,"column":22},"end":{"line":14,"column":6}},"2":{"start":{"line":15,"column":20},"end":{"line":15,"column":31}},"3":{"start":{"line":16,"column":2},"end":{"line":22,"column":6}}},"fnMap":{"0":{"name":"(anonymous_0)","decl":{"start":{"line":4,"column":22},"end":{"line":4,"column":23}},"loc":{"start":{"line":4,"column":28},"end":{"line":23,"column":1}},"line":4}},"branchMap":{},"s":{"0":1,"1":1,"2":1,"3":1},"f":{"0":1},"b":{},"_coverageSchema":"1a1c01bbd47fc00a2c39e90264f33305004495a9","hash":"9dd99b4be7f1ab93d87b3ce750c0f3f7b3cd8d79"}
,"/home/lokers/React-project/blinkist/src/components/atoms/bookdetails/bookmenu/finish/FinishReading.stories.tsx": {"path":"/home/lokers/React-project/blinkist/src/components/atoms/bookdetails/bookmenu/finish/FinishReading.stories.tsx","statementMap":{"0":{"start":{"line":9,"column":55},"end":{"line":9,"column":91}},"1":{"start":{"line":9,"column":65},"end":{"line":9,"column":91}},"2":{"start":{"line":11,"column":23},"end":{"line":11,"column":40}}},"fnMap":{"0":{"name":"(anonymous_0)","decl":{"start":{"line":9,"column":55},"end":{"line":9,"column":56}},"loc":{"start":{"line":9,"column":65},"end":{"line":9,"column":91}},"line":9}},"branchMap":{},"s":{"0":0,"1":0,"2":0},"f":{"0":0},"b":{}}
,"/home/lokers/React-project/blinkist/src/components/atoms/bookdetails/bookmenu/finish/FinishReading.tsx": {"path":"/home/lokers/React-project/blinkist/src/components/atoms/bookdetails/bookmenu/finish/FinishReading.tsx","statementMap":{"0":{"start":{"line":12,"column":21},"end":{"line":41,"column":1}},"1":{"start":{"line":14,"column":21},"end":{"line":23,"column":6}},"2":{"start":{"line":25,"column":20},"end":{"line":25,"column":30}},"3":{"start":{"line":27,"column":19},"end":{"line":29,"column":5}},"4":{"start":{"line":28,"column":8},"end":{"line":28,"column":43}},"5":{"start":{"line":30,"column":4},"end":{"line":40,"column":5}}},"fnMap":{"0":{"name":"(anonymous_0)","decl":{"start":{"line":12,"column":21},"end":{"line":12,"column":22}},"loc":{"start":{"line":12,"column":49},"end":{"line":41,"column":1}},"line":12},"1":{"name":"(anonymous_1)","decl":{"start":{"line":27,"column":19},"end":{"line":27,"column":20}},"loc":{"start":{"line":27,"column":25},"end":{"line":29,"column":5}},"line":27}},"branchMap":{"0":{"loc":{"start":{"line":34,"column":13},"end":{"line":34,"column":39}},"type":"cond-expr","locations":[{"start":{"line":34,"column":28},"end":{"line":34,"column":34}},{"start":{"line":34,"column":37},"end":{"line":34,"column":39}}],"line":34}},"s":{"0":0,"1":0,"2":0,"3":0,"4":0,"5":0},"f":{"0":0,"1":0},"b":{"0":[0,0]}}
,"/home/lokers/React-project/blinkist/src/components/atoms/bookdetails/bookmenu/kindle/SendToKindle.stories.tsx": {"path":"/home/lokers/React-project/blinkist/src/components/atoms/bookdetails/bookmenu/kindle/SendToKindle.stories.tsx","statementMap":{"0":{"start":{"line":9,"column":54},"end":{"line":9,"column":76}},"1":{"start":{"line":9,"column":60},"end":{"line":9,"column":76}},"2":{"start":{"line":11,"column":23},"end":{"line":11,"column":40}}},"fnMap":{"0":{"name":"(anonymous_0)","decl":{"start":{"line":9,"column":54},"end":{"line":9,"column":55}},"loc":{"start":{"line":9,"column":60},"end":{"line":9,"column":76}},"line":9}},"branchMap":{},"s":{"0":0,"1":0,"2":0},"f":{"0":0},"b":{}}
,"/home/lokers/React-project/blinkist/src/components/atoms/bookdetails/bookmenu/kindle/SendToKindle.tsx": {"path":"/home/lokers/React-project/blinkist/src/components/atoms/bookdetails/bookmenu/kindle/SendToKindle.tsx","statementMap":{"0":{"start":{"line":5,"column":21},"end":{"line":23,"column":1}},"1":{"start":{"line":7,"column":21},"end":{"line":14,"column":6}},"2":{"start":{"line":15,"column":20},"end":{"line":15,"column":30}},"3":{"start":{"line":16,"column":4},"end":{"line":22,"column":5}}},"fnMap":{"0":{"name":"(anonymous_0)","decl":{"start":{"line":5,"column":21},"end":{"line":5,"column":22}},"loc":{"start":{"line":5,"column":27},"end":{"line":23,"column":1}},"line":5}},"branchMap":{},"s":{"0":1,"1":1,"2":1,"3":1},"f":{"0":1},"b":{},"_coverageSchema":"1a1c01bbd47fc00a2c39e90264f33305004495a9","hash":"81fc7fcac6d787bc0c9c61ce352a2543b82a1f9d"}
,"/home/lokers/React-project/blinkist/src/components/atoms/bookdetails/bookmenu/readnow/ReadNow.stories.tsx": {"path":"/home/lokers/React-project/blinkist/src/components/atoms/bookdetails/bookmenu/readnow/ReadNow.stories.tsx","statementMap":{"0":{"start":{"line":9,"column":49},"end":{"line":9,"column":66}},"1":{"start":{"line":9,"column":55},"end":{"line":9,"column":66}},"2":{"start":{"line":11,"column":23},"end":{"line":11,"column":40}}},"fnMap":{"0":{"name":"(anonymous_0)","decl":{"start":{"line":9,"column":49},"end":{"line":9,"column":50}},"loc":{"start":{"line":9,"column":55},"end":{"line":9,"column":66}},"line":9}},"branchMap":{},"s":{"0":0,"1":0,"2":0},"f":{"0":0},"b":{}}
,"/home/lokers/React-project/blinkist/src/components/atoms/bookdetails/bookmenu/readnow/ReadNow.tsx": {"path":"/home/lokers/React-project/blinkist/src/components/atoms/bookdetails/bookmenu/readnow/ReadNow.tsx","statementMap":{"0":{"start":{"line":5,"column":16},"end":{"line":21,"column":1}},"1":{"start":{"line":6,"column":19},"end":{"line":14,"column":4}},"2":{"start":{"line":15,"column":18},"end":{"line":15,"column":28}},"3":{"start":{"line":16,"column":2},"end":{"line":20,"column":4}}},"fnMap":{"0":{"name":"(anonymous_0)","decl":{"start":{"line":5,"column":16},"end":{"line":5,"column":17}},"loc":{"start":{"line":5,"column":22},"end":{"line":21,"column":1}},"line":5}},"branchMap":{},"s":{"0":1,"1":1,"2":1,"3":1},"f":{"0":1},"b":{},"_coverageSchema":"1a1c01bbd47fc00a2c39e90264f33305004495a9","hash":"68f61d9cd72c02faa02346677bebc9e71d510c73"}
,"/home/lokers/React-project/blinkist/src/components/atoms/bookdetails/keyideas/KeyIdeas.stories.tsx": {"path":"/home/lokers/React-project/blinkist/src/components/atoms/bookdetails/keyideas/KeyIdeas.stories.tsx","statementMap":{"0":{"start":{"line":10,"column":50},"end":{"line":10,"column":68}},"1":{"start":{"line":10,"column":56},"end":{"line":10,"column":68}},"2":{"start":{"line":12,"column":23},"end":{"line":12,"column":40}}},"fnMap":{"0":{"name":"(anonymous_0)","decl":{"start":{"line":10,"column":50},"end":{"line":10,"column":51}},"loc":{"start":{"line":10,"column":56},"end":{"line":10,"column":68}},"line":10}},"branchMap":{},"s":{"0":0,"1":0,"2":0},"f":{"0":0},"b":{}}
,"/home/lokers/React-project/blinkist/src/components/atoms/bookdetails/keyideas/KeyIdeas.tsx": {"path":"/home/lokers/React-project/blinkist/src/components/atoms/bookdetails/keyideas/KeyIdeas.tsx","statementMap":{"0":{"start":{"line":6,"column":16},"end":{"line":20,"column":1}},"1":{"start":{"line":7,"column":21},"end":{"line":13,"column":6}},"2":{"start":{"line":14,"column":20},"end":{"line":14,"column":30}},"3":{"start":{"line":15,"column":2},"end":{"line":19,"column":3}}},"fnMap":{"0":{"name":"(anonymous_0)","decl":{"start":{"line":6,"column":16},"end":{"line":6,"column":17}},"loc":{"start":{"line":6,"column":22},"end":{"line":20,"column":1}},"line":6}},"branchMap":{},"s":{"0":1,"1":1,"2":1,"3":1},"f":{"0":1},"b":{},"_coverageSchema":"1a1c01bbd47fc00a2c39e90264f33305004495a9","hash":"ef9d9e1c20803ef319f4b97f38a6e6018c8bc91b"}
,"/home/lokers/React-project/blinkist/src/components/atoms/bookdetails/note/BookNote.stories.tsx": {"path":"/home/lokers/React-project/blinkist/src/components/atoms/bookdetails/note/BookNote.stories.tsx","statementMap":{"0":{"start":{"line":9,"column":50},"end":{"line":9,"column":68}},"1":{"start":{"line":9,"column":56},"end":{"line":9,"column":68}},"2":{"start":{"line":10,"column":24},"end":{"line":10,"column":41}}},"fnMap":{"0":{"name":"(anonymous_0)","decl":{"start":{"line":9,"column":50},"end":{"line":9,"column":51}},"loc":{"start":{"line":9,"column":56},"end":{"line":9,"column":68}},"line":9}},"branchMap":{},"s":{"0":0,"1":0,"2":0},"f":{"0":0},"b":{}}
,"/home/lokers/React-project/blinkist/src/components/atoms/bookdetails/note/BookNote.tsx": {"path":"/home/lokers/React-project/blinkist/src/components/atoms/bookdetails/note/BookNote.tsx","statementMap":{"0":{"start":{"line":5,"column":17},"end":{"line":23,"column":1}},"1":{"start":{"line":7,"column":21},"end":{"line":13,"column":6}},"2":{"start":{"line":14,"column":16},"end":{"line":14,"column":26}},"3":{"start":{"line":15,"column":2},"end":{"line":22,"column":4}}},"fnMap":{"0":{"name":"(anonymous_0)","decl":{"start":{"line":5,"column":17},"end":{"line":5,"column":18}},"loc":{"start":{"line":5,"column":23},"end":{"line":23,"column":1}},"line":5}},"branchMap":{},"s":{"0":1,"1":1,"2":1,"3":1},"f":{"0":1},"b":{},"_coverageSchema":"1a1c01bbd47fc00a2c39e90264f33305004495a9","hash":"0d345d6788fe506789075a027ab4b07e1939b98f"}
,"/home/lokers/React-project/blinkist/src/components/atoms/bookdetails/title/BookDetailsTitle.stories.tsx": {"path":"/home/lokers/React-project/blinkist/src/components/atoms/bookdetails/title/BookDetailsTitle.stories.tsx","statementMap":{"0":{"start":{"line":9,"column":58},"end":{"line":9,"column":84}},"1":{"start":{"line":9,"column":64},"end":{"line":9,"column":84}},"2":{"start":{"line":11,"column":23},"end":{"line":11,"column":40}}},"fnMap":{"0":{"name":"(anonymous_0)","decl":{"start":{"line":9,"column":58},"end":{"line":9,"column":59}},"loc":{"start":{"line":9,"column":64},"end":{"line":9,"column":84}},"line":9}},"branchMap":{},"s":{"0":0,"1":0,"2":0},"f":{"0":0},"b":{}}
,"/home/lokers/React-project/blinkist/src/components/atoms/bookdetails/title/BookDetailsTitle.tsx": {"path":"/home/lokers/React-project/blinkist/src/components/atoms/bookdetails/title/BookDetailsTitle.tsx","statementMap":{"0":{"start":{"line":6,"column":25},"end":{"line":21,"column":1}},"1":{"start":{"line":8,"column":21},"end":{"line":14,"column":6}},"2":{"start":{"line":15,"column":18},"end":{"line":15,"column":28}},"3":{"start":{"line":16,"column":2},"end":{"line":20,"column":4}}},"fnMap":{"0":{"name":"(anonymous_0)","decl":{"start":{"line":6,"column":25},"end":{"line":6,"column":26}},"loc":{"start":{"line":6,"column":31},"end":{"line":21,"column":1}},"line":6}},"branchMap":{},"s":{"0":1,"1":1,"2":1,"3":1},"f":{"0":1},"b":{},"_coverageSchema":"1a1c01bbd47fc00a2c39e90264f33305004495a9","hash":"8c0838268557f8e44b98ec84f233714f3f095d6f"}
,"/home/lokers/React-project/blinkist/src/components/atoms/booktitle/BookTitle.stories.tsx": {"path":"/home/lokers/React-project/blinkist/src/components/atoms/booktitle/BookTitle.stories.tsx","statementMap":{"0":{"start":{"line":9,"column":51},"end":{"line":9,"column":84}},"1":{"start":{"line":9,"column":61},"end":{"line":9,"column":84}},"2":{"start":{"line":11,"column":23},"end":{"line":11,"column":40}},"3":{"start":{"line":13,"column":0},"end":{"line":15,"column":1}}},"fnMap":{"0":{"name":"(anonymous_0)","decl":{"start":{"line":9,"column":51},"end":{"line":9,"column":52}},"loc":{"start":{"line":9,"column":61},"end":{"line":9,"column":84}},"line":9}},"branchMap":{},"s":{"0":0,"1":0,"2":0,"3":0},"f":{"0":0},"b":{}}
,"/home/lokers/React-project/blinkist/src/components/atoms/booktitle/BookTitle.tsx": {"path":"/home/lokers/React-project/blinkist/src/components/atoms/booktitle/BookTitle.tsx","statementMap":{"0":{"start":{"line":11,"column":18},"end":{"line":31,"column":1}},"1":{"start":{"line":13,"column":20},"end":{"line":20,"column":4}},"2":{"start":{"line":22,"column":19},"end":{"line":22,"column":30}},"3":{"start":{"line":23,"column":4},"end":{"line":30,"column":5}}},"fnMap":{"0":{"name":"(anonymous_0)","decl":{"start":{"line":11,"column":18},"end":{"line":11,"column":19}},"loc":{"start":{"line":11,"column":46},"end":{"line":31,"column":1}},"line":11}},"branchMap":{},"s":{"0":1,"1":1,"2":1,"3":1},"f":{"0":1},"b":{},"_coverageSchema":"1a1c01bbd47fc00a2c39e90264f33305004495a9","hash":"0ac10c5a4d7f619caeed876be86928fb7baef76a"}
,"/home/lokers/React-project/blinkist/src/components/atoms/current-bar/CurrentBar.stories.tsx": {"path":"/home/lokers/React-project/blinkist/src/components/atoms/current-bar/CurrentBar.stories.tsx","statementMap":{"0":{"start":{"line":9,"column":52},"end":{"line":9,"column":72}},"1":{"start":{"line":9,"column":58},"end":{"line":9,"column":72}},"2":{"start":{"line":11,"column":23},"end":{"line":11,"column":40}}},"fnMap":{"0":{"name":"(anonymous_0)","decl":{"start":{"line":9,"column":52},"end":{"line":9,"column":53}},"loc":{"start":{"line":9,"column":58},"end":{"line":9,"column":72}},"line":9}},"branchMap":{},"s":{"0":0,"1":0,"2":0},"f":{"0":0},"b":{}}
,"/home/lokers/React-project/blinkist/src/components/atoms/current-bar/CurrentBar.tsx": {"path":"/home/lokers/React-project/blinkist/src/components/atoms/current-bar/CurrentBar.tsx","statementMap":{"0":{"start":{"line":6,"column":17},"end":{"line":15,"column":2}},"1":{"start":{"line":16,"column":18},"end":{"line":22,"column":1}},"2":{"start":{"line":17,"column":20},"end":{"line":17,"column":30}},"3":{"start":{"line":18,"column":2},"end":{"line":21,"column":3}}},"fnMap":{"0":{"name":"(anonymous_0)","decl":{"start":{"line":16,"column":18},"end":{"line":16,"column":19}},"loc":{"start":{"line":16,"column":23},"end":{"line":22,"column":1}},"line":16}},"branchMap":{},"s":{"0":0,"1":0,"2":0,"3":0},"f":{"0":0},"b":{}}
,"/home/lokers/React-project/blinkist/src/components/atoms/explore/Explore.stories.tsx": {"path":"/home/lokers/React-project/blinkist/src/components/atoms/explore/Explore.stories.tsx","statementMap":{"0":{"start":{"line":10,"column":49},"end":{"line":10,"column":80}},"1":{"start":{"line":10,"column":59},"end":{"line":10,"column":80}},"2":{"start":{"line":12,"column":23},"end":{"line":12,"column":40}},"3":{"start":{"line":14,"column":0},"end":{"line":15,"column":2}}},"fnMap":{"0":{"name":"(anonymous_0)","decl":{"start":{"line":10,"column":49},"end":{"line":10,"column":50}},"loc":{"start":{"line":10,"column":59},"end":{"line":10,"column":80}},"line":10}},"branchMap":{},"s":{"0":0,"1":0,"2":0,"3":0},"f":{"0":0},"b":{}}
,"/home/lokers/React-project/blinkist/src/components/atoms/explore/Explore.tsx": {"path":"/home/lokers/React-project/blinkist/src/components/atoms/explore/Explore.tsx","statementMap":{"0":{"start":{"line":13,"column":16},"end":{"line":41,"column":1}},"1":{"start":{"line":14,"column":19},"end":{"line":28,"column":4}},"2":{"start":{"line":30,"column":18},"end":{"line":30,"column":28}},"3":{"start":{"line":31,"column":2},"end":{"line":40,"column":4}},"4":{"start":{"line":33,"column":21},"end":{"line":33,"column":41}}},"fnMap":{"0":{"name":"(anonymous_0)","decl":{"start":{"line":13,"column":16},"end":{"line":13,"column":17}},"loc":{"start":{"line":13,"column":40},"end":{"line":41,"column":1}},"line":13},"1":{"name":"(anonymous_1)","decl":{"start":{"line":33,"column":15},"end":{"line":33,"column":16}},"loc":{"start":{"line":33,"column":21},"end":{"line":33,"column":41}},"line":33}},"branchMap":{"0":{"loc":{"start":{"line":34,"column":15},"end":{"line":34,"column":51}},"type":"cond-expr","locations":[{"start":{"line":34,"column":28},"end":{"line":34,"column":37}},{"start":{"line":34,"column":40},"end":{"line":34,"column":51}}],"line":34}},"s":{"0":0,"1":0,"2":0,"3":0,"4":0},"f":{"0":0,"1":0},"b":{"0":[0,0]}}
,"/home/lokers/React-project/blinkist/src/components/atoms/explore-item/Buttons.stories.tsx": {"path":"/home/lokers/React-project/blinkist/src/components/atoms/explore-item/Buttons.stories.tsx","statementMap":{"0":{"start":{"line":9,"column":49},"end":{"line":9,"column":80}},"1":{"start":{"line":9,"column":59},"end":{"line":9,"column":80}},"2":{"start":{"line":11,"column":23},"end":{"line":11,"column":40}},"3":{"start":{"line":13,"column":0},"end":{"line":15,"column":1}}},"fnMap":{"0":{"name":"(anonymous_0)","decl":{"start":{"line":9,"column":49},"end":{"line":9,"column":50}},"loc":{"start":{"line":9,"column":59},"end":{"line":9,"column":80}},"line":9}},"branchMap":{},"s":{"0":0,"1":0,"2":0,"3":0},"f":{"0":0},"b":{}}
,"/home/lokers/React-project/blinkist/src/components/atoms/explore-item/Buttons.tsx": {"path":"/home/lokers/React-project/blinkist/src/components/atoms/explore-item/Buttons.tsx","statementMap":{"0":{"start":{"line":12,"column":16},"end":{"line":40,"column":1}},"1":{"start":{"line":14,"column":19},"end":{"line":25,"column":4}},"2":{"start":{"line":27,"column":18},"end":{"line":27,"column":28}},"3":{"start":{"line":28,"column":2},"end":{"line":39,"column":4}},"4":{"start":{"line":34,"column":21},"end":{"line":34,"column":39}}},"fnMap":{"0":{"name":"(anonymous_0)","decl":{"start":{"line":12,"column":16},"end":{"line":12,"column":17}},"loc":{"start":{"line":12,"column":40},"end":{"line":40,"column":1}},"line":12},"1":{"name":"(anonymous_1)","decl":{"start":{"line":34,"column":15},"end":{"line":34,"column":16}},"loc":{"start":{"line":34,"column":21},"end":{"line":34,"column":39}},"line":34}},"branchMap":{},"s":{"0":0,"1":0,"2":0,"3":0,"4":0},"f":{"0":0,"1":0},"b":{}}
,"/home/lokers/React-project/blinkist/src/components/atoms/finished-bar/FinishedBar.stories.tsx": {"path":"/home/lokers/React-project/blinkist/src/components/atoms/finished-bar/FinishedBar.stories.tsx","statementMap":{"0":{"start":{"line":9,"column":52},"end":{"line":9,"column":70}},"1":{"start":{"line":9,"column":56},"end":{"line":9,"column":70}},"2":{"start":{"line":11,"column":23},"end":{"line":11,"column":40}}},"fnMap":{"0":{"name":"(anonymous_0)","decl":{"start":{"line":9,"column":52},"end":{"line":9,"column":53}},"loc":{"start":{"line":9,"column":56},"end":{"line":9,"column":70}},"line":9}},"branchMap":{},"s":{"0":0,"1":0,"2":0},"f":{"0":0},"b":{}}
,"/home/lokers/React-project/blinkist/src/components/atoms/finished-bar/FinishedBar.tsx": {"path":"/home/lokers/React-project/blinkist/src/components/atoms/finished-bar/FinishedBar.tsx","statementMap":{"0":{"start":{"line":7,"column":20},"end":{"line":26,"column":1}},"1":{"start":{"line":9,"column":21},"end":{"line":18,"column":6}},"2":{"start":{"line":20,"column":20},"end":{"line":20,"column":30}},"3":{"start":{"line":22,"column":4},"end":{"line":25,"column":6}}},"fnMap":{"0":{"name":"(anonymous_0)","decl":{"start":{"line":7,"column":20},"end":{"line":7,"column":21}},"loc":{"start":{"line":7,"column":26},"end":{"line":26,"column":1}},"line":7}},"branchMap":{},"s":{"0":0,"1":0,"2":0,"3":0},"f":{"0":0},"b":{}}
,"/home/lokers/React-project/blinkist/src/components/atoms/finishedbutton/FinishedButton.stories.tsx": {"path":"/home/lokers/React-project/blinkist/src/components/atoms/finishedbutton/FinishedButton.stories.tsx","statementMap":{"0":{"start":{"line":9,"column":55},"end":{"line":9,"column":91}},"1":{"start":{"line":9,"column":63},"end":{"line":9,"column":91}},"2":{"start":{"line":11,"column":23},"end":{"line":11,"column":40}}},"fnMap":{"0":{"name":"(anonymous_0)","decl":{"start":{"line":9,"column":55},"end":{"line":9,"column":56}},"loc":{"start":{"line":9,"column":63},"end":{"line":9,"column":91}},"line":9}},"branchMap":{},"s":{"0":0,"1":0,"2":0},"f":{"0":0},"b":{}}
,"/home/lokers/React-project/blinkist/src/components/atoms/finishedbutton/FinishedButton.tsx": {"path":"/home/lokers/React-project/blinkist/src/components/atoms/finishedbutton/FinishedButton.tsx","statementMap":{"0":{"start":{"line":12,"column":23},"end":{"line":40,"column":1}},"1":{"start":{"line":13,"column":19},"end":{"line":21,"column":4}},"2":{"start":{"line":23,"column":18},"end":{"line":23,"column":28}},"3":{"start":{"line":24,"column":2},"end":{"line":39,"column":4}},"4":{"start":{"line":30,"column":8},"end":{"line":30,"column":39}}},"fnMap":{"0":{"name":"(anonymous_0)","decl":{"start":{"line":12,"column":23},"end":{"line":12,"column":24}},"loc":{"start":{"line":12,"column":54},"end":{"line":40,"column":1}},"line":12},"1":{"name":"(anonymous_1)","decl":{"start":{"line":29,"column":15},"end":{"line":29,"column":16}},"loc":{"start":{"line":29,"column":21},"end":{"line":31,"column":7}},"line":29}},"branchMap":{},"s":{"0":0,"1":0,"2":0,"3":0,"4":0},"f":{"0":0,"1":0},"b":{}}
,"/home/lokers/React-project/blinkist/src/components/atoms/footer/footercaption/FooterCaption.stories.tsx": {"path":"/home/lokers/React-project/blinkist/src/components/atoms/footer/footercaption/FooterCaption.stories.tsx","statementMap":{"0":{"start":{"line":9,"column":55},"end":{"line":9,"column":78}},"1":{"start":{"line":9,"column":61},"end":{"line":9,"column":78}},"2":{"start":{"line":11,"column":23},"end":{"line":11,"column":40}}},"fnMap":{"0":{"name":"(anonymous_0)","decl":{"start":{"line":9,"column":55},"end":{"line":9,"column":56}},"loc":{"start":{"line":9,"column":61},"end":{"line":9,"column":78}},"line":9}},"branchMap":{},"s":{"0":0,"1":0,"2":0},"f":{"0":0},"b":{}}
,"/home/lokers/React-project/blinkist/src/components/atoms/footer/footercaption/FooterCaption.tsx": {"path":"/home/lokers/React-project/blinkist/src/components/atoms/footer/footercaption/FooterCaption.tsx","statementMap":{"0":{"start":{"line":9,"column":22},"end":{"line":28,"column":1}},"1":{"start":{"line":11,"column":20},"end":{"line":18,"column":4}},"2":{"start":{"line":20,"column":18},"end":{"line":20,"column":29}},"3":{"start":{"line":21,"column":2},"end":{"line":27,"column":4}}},"fnMap":{"0":{"name":"(anonymous_0)","decl":{"start":{"line":9,"column":22},"end":{"line":9,"column":23}},"loc":{"start":{"line":9,"column":28},"end":{"line":28,"column":1}},"line":9}},"branchMap":{},"s":{"0":0,"1":0,"2":0,"3":0},"f":{"0":0},"b":{}}
,"/home/lokers/React-project/blinkist/src/components/atoms/footer/navlist/navhead/NavHead.stories.tsx": {"path":"/home/lokers/React-project/blinkist/src/components/atoms/footer/navlist/navhead/NavHead.stories.tsx","statementMap":{"0":{"start":{"line":9,"column":49},"end":{"line":9,"column":79}},"1":{"start":{"line":9,"column":59},"end":{"line":9,"column":79}},"2":{"start":{"line":11,"column":23},"end":{"line":11,"column":40}},"3":{"start":{"line":13,"column":0},"end":{"line":15,"column":1}}},"fnMap":{"0":{"name":"(anonymous_0)","decl":{"start":{"line":9,"column":49},"end":{"line":9,"column":50}},"loc":{"start":{"line":9,"column":59},"end":{"line":9,"column":79}},"line":9}},"branchMap":{},"s":{"0":0,"1":0,"2":0,"3":0},"f":{"0":0},"b":{}}
,"/home/lokers/React-project/blinkist/src/components/atoms/footer/navlist/navhead/NavHead.tsx": {"path":"/home/lokers/React-project/blinkist/src/components/atoms/footer/navlist/navhead/NavHead.tsx","statementMap":{"0":{"start":{"line":12,"column":16},"end":{"line":30,"column":1}},"1":{"start":{"line":14,"column":18},"end":{"line":20,"column":2}},"2":{"start":{"line":22,"column":20},"end":{"line":22,"column":30}},"3":{"start":{"line":23,"column":2},"end":{"line":29,"column":3}}},"fnMap":{"0":{"name":"(anonymous_0)","decl":{"start":{"line":12,"column":16},"end":{"line":12,"column":17}},"loc":{"start":{"line":12,"column":42},"end":{"line":30,"column":1}},"line":12}},"branchMap":{},"s":{"0":0,"1":0,"2":0,"3":0},"f":{"0":0},"b":{}}
,"/home/lokers/React-project/blinkist/src/components/atoms/footer/navlist/navitem/NavItem.stories.tsx": {"path":"/home/lokers/React-project/blinkist/src/components/atoms/footer/navlist/navitem/NavItem.stories.tsx","statementMap":{"0":{"start":{"line":9,"column":49},"end":{"line":9,"column":79}},"1":{"start":{"line":9,"column":59},"end":{"line":9,"column":79}},"2":{"start":{"line":11,"column":23},"end":{"line":11,"column":40}},"3":{"start":{"line":13,"column":0},"end":{"line":15,"column":1}}},"fnMap":{"0":{"name":"(anonymous_0)","decl":{"start":{"line":9,"column":49},"end":{"line":9,"column":50}},"loc":{"start":{"line":9,"column":59},"end":{"line":9,"column":79}},"line":9}},"branchMap":{},"s":{"0":0,"1":0,"2":0,"3":0},"f":{"0":0},"b":{}}
,"/home/lokers/React-project/blinkist/src/components/atoms/footer/navlist/navitem/NavItem.tsx": {"path":"/home/lokers/React-project/blinkist/src/components/atoms/footer/navlist/navitem/NavItem.tsx","statementMap":{"0":{"start":{"line":12,"column":16},"end":{"line":31,"column":1}},"1":{"start":{"line":14,"column":21},"end":{"line":21,"column":6}},"2":{"start":{"line":23,"column":20},"end":{"line":23,"column":30}},"3":{"start":{"line":24,"column":4},"end":{"line":30,"column":5}}},"fnMap":{"0":{"name":"(anonymous_0)","decl":{"start":{"line":12,"column":16},"end":{"line":12,"column":17}},"loc":{"start":{"line":12,"column":39},"end":{"line":31,"column":1}},"line":12}},"branchMap":{},"s":{"0":0,"1":0,"2":0,"3":0},"f":{"0":0},"b":{}}
,"/home/lokers/React-project/blinkist/src/components/atoms/footer/service-policies/Policies.stories.tsx": {"path":"/home/lokers/React-project/blinkist/src/components/atoms/footer/service-policies/Policies.stories.tsx","statementMap":{"0":{"start":{"line":9,"column":50},"end":{"line":9,"column":68}},"1":{"start":{"line":9,"column":56},"end":{"line":9,"column":68}},"2":{"start":{"line":11,"column":23},"end":{"line":11,"column":40}}},"fnMap":{"0":{"name":"(anonymous_0)","decl":{"start":{"line":9,"column":50},"end":{"line":9,"column":51}},"loc":{"start":{"line":9,"column":56},"end":{"line":9,"column":68}},"line":9}},"branchMap":{},"s":{"0":0,"1":0,"2":0},"f":{"0":0},"b":{}}
,"/home/lokers/React-project/blinkist/src/components/atoms/footer/service-policies/Policies.tsx": {"path":"/home/lokers/React-project/blinkist/src/components/atoms/footer/service-policies/Policies.tsx","statementMap":{"0":{"start":{"line":7,"column":17},"end":{"line":27,"column":1}},"1":{"start":{"line":9,"column":21},"end":{"line":16,"column":6}},"2":{"start":{"line":18,"column":20},"end":{"line":18,"column":30}},"3":{"start":{"line":19,"column":4},"end":{"line":26,"column":5}}},"fnMap":{"0":{"name":"(anonymous_0)","decl":{"start":{"line":7,"column":17},"end":{"line":7,"column":18}},"loc":{"start":{"line":7,"column":23},"end":{"line":27,"column":1}},"line":7}},"branchMap":{},"s":{"0":0,"1":0,"2":0,"3":0},"f":{"0":0},"b":{}}
,"/home/lokers/React-project/blinkist/src/components/atoms/heading/Heading.stories.tsx": {"path":"/home/lokers/React-project/blinkist/src/components/atoms/heading/Heading.stories.tsx","statementMap":{"0":{"start":{"line":9,"column":48},"end":{"line":9,"column":63}},"1":{"start":{"line":9,"column":52},"end":{"line":9,"column":63}},"2":{"start":{"line":11,"column":23},"end":{"line":11,"column":40}}},"fnMap":{"0":{"name":"(anonymous_0)","decl":{"start":{"line":9,"column":48},"end":{"line":9,"column":49}},"loc":{"start":{"line":9,"column":52},"end":{"line":9,"column":63}},"line":9}},"branchMap":{},"s":{"0":0,"1":0,"2":0},"f":{"0":0},"b":{}}
,"/home/lokers/React-project/blinkist/src/components/atoms/heading/Heading.tsx": {"path":"/home/lokers/React-project/blinkist/src/components/atoms/heading/Heading.tsx","statementMap":{"0":{"start":{"line":6,"column":16},"end":{"line":27,"column":1}},"1":{"start":{"line":8,"column":22},"end":{"line":18,"column":6}},"2":{"start":{"line":19,"column":20},"end":{"line":19,"column":31}},"3":{"start":{"line":20,"column":4},"end":{"line":26,"column":5}}},"fnMap":{"0":{"name":"(anonymous_0)","decl":{"start":{"line":6,"column":16},"end":{"line":6,"column":17}},"loc":{"start":{"line":6,"column":20},"end":{"line":27,"column":1}},"line":6}},"branchMap":{},"s":{"0":0,"1":0,"2":0,"3":0},"f":{"0":0},"b":{}}
,"/home/lokers/React-project/blinkist/src/components/atoms/logo/Logo.stories.tsx": {"path":"/home/lokers/React-project/blinkist/src/components/atoms/logo/Logo.stories.tsx","statementMap":{"0":{"start":{"line":9,"column":46},"end":{"line":9,"column":60}},"1":{"start":{"line":9,"column":52},"end":{"line":9,"column":60}},"2":{"start":{"line":11,"column":23},"end":{"line":11,"column":40}}},"fnMap":{"0":{"name":"(anonymous_0)","decl":{"start":{"line":9,"column":46},"end":{"line":9,"column":47}},"loc":{"start":{"line":9,"column":52},"end":{"line":9,"column":60}},"line":9}},"branchMap":{},"s":{"0":0,"1":0,"2":0},"f":{"0":0},"b":{}}
,"/home/lokers/React-project/blinkist/src/components/atoms/logo/Logo.tsx": {"path":"/home/lokers/React-project/blinkist/src/components/atoms/logo/Logo.tsx","statementMap":{"0":{"start":{"line":6,"column":13},"end":{"line":12,"column":1}},"1":{"start":{"line":8,"column":4},"end":{"line":11,"column":5}}},"fnMap":{"0":{"name":"(anonymous_0)","decl":{"start":{"line":6,"column":13},"end":{"line":6,"column":14}},"loc":{"start":{"line":6,"column":19},"end":{"line":12,"column":1}},"line":6}},"branchMap":{},"s":{"0":0,"1":0},"f":{"0":0},"b":{}}
,"/home/lokers/React-project/blinkist/src/components/atoms/mylibrary/mylibrary-heading/MyLibraryHeading.stories.tsx": {"path":"/home/lokers/React-project/blinkist/src/components/atoms/mylibrary/mylibrary-heading/MyLibraryHeading.stories.tsx","statementMap":{"0":{"start":{"line":11,"column":58},"end":{"line":11,"column":84}},"1":{"start":{"line":11,"column":64},"end":{"line":11,"column":84}},"2":{"start":{"line":13,"column":23},"end":{"line":13,"column":40}}},"fnMap":{"0":{"name":"(anonymous_0)","decl":{"start":{"line":11,"column":58},"end":{"line":11,"column":59}},"loc":{"start":{"line":11,"column":64},"end":{"line":11,"column":84}},"line":11}},"branchMap":{},"s":{"0":0,"1":0,"2":0},"f":{"0":0},"b":{}}
,"/home/lokers/React-project/blinkist/src/components/atoms/mylibrary/mylibrary-heading/MyLibraryHeading.tsx": {"path":"/home/lokers/React-project/blinkist/src/components/atoms/mylibrary/mylibrary-heading/MyLibraryHeading.tsx","statementMap":{"0":{"start":{"line":8,"column":25},"end":{"line":27,"column":1}},"1":{"start":{"line":10,"column":19},"end":{"line":18,"column":4}},"2":{"start":{"line":19,"column":20},"end":{"line":19,"column":30}},"3":{"start":{"line":20,"column":2},"end":{"line":26,"column":3}}},"fnMap":{"0":{"name":"(anonymous_0)","decl":{"start":{"line":8,"column":25},"end":{"line":8,"column":26}},"loc":{"start":{"line":8,"column":30},"end":{"line":27,"column":1}},"line":8}},"branchMap":{},"s":{"0":0,"1":0,"2":0,"3":0},"f":{"0":0},"b":{}}
,"/home/lokers/React-project/blinkist/src/components/atoms/mylibrary/mylibrary-text/MyLibrary.stories.tsx": {"path":"/home/lokers/React-project/blinkist/src/components/atoms/mylibrary/mylibrary-text/MyLibrary.stories.tsx","statementMap":{"0":{"start":{"line":9,"column":51},"end":{"line":9,"column":70}},"1":{"start":{"line":9,"column":57},"end":{"line":9,"column":70}},"2":{"start":{"line":11,"column":23},"end":{"line":11,"column":40}}},"fnMap":{"0":{"name":"(anonymous_0)","decl":{"start":{"line":9,"column":51},"end":{"line":9,"column":52}},"loc":{"start":{"line":9,"column":57},"end":{"line":9,"column":70}},"line":9}},"branchMap":{},"s":{"0":0,"1":0,"2":0},"f":{"0":0},"b":{}}
,"/home/lokers/React-project/blinkist/src/components/atoms/mylibrary/mylibrary-text/MyLibrary.tsx": {"path":"/home/lokers/React-project/blinkist/src/components/atoms/mylibrary/mylibrary-text/MyLibrary.tsx","statementMap":{"0":{"start":{"line":10,"column":18},"end":{"line":30,"column":1}},"1":{"start":{"line":12,"column":19},"end":{"line":18,"column":4}},"2":{"start":{"line":20,"column":18},"end":{"line":20,"column":28}},"3":{"start":{"line":21,"column":2},"end":{"line":29,"column":4}}},"fnMap":{"0":{"name":"(anonymous_0)","decl":{"start":{"line":10,"column":18},"end":{"line":10,"column":19}},"loc":{"start":{"line":10,"column":24},"end":{"line":30,"column":1}},"line":10}},"branchMap":{},"s":{"0":0,"1":0,"2":0,"3":0},"f":{"0":0},"b":{}}
,"/home/lokers/React-project/blinkist/src/components/atoms/nav/nav-down/NavDown.stories.tsx": {"path":"/home/lokers/React-project/blinkist/src/components/atoms/nav/nav-down/NavDown.stories.tsx","statementMap":{"0":{"start":{"line":9,"column":49},"end":{"line":9,"column":66}},"1":{"start":{"line":9,"column":55},"end":{"line":9,"column":66}},"2":{"start":{"line":11,"column":23},"end":{"line":11,"column":40}}},"fnMap":{"0":{"name":"(anonymous_0)","decl":{"start":{"line":9,"column":49},"end":{"line":9,"column":50}},"loc":{"start":{"line":9,"column":55},"end":{"line":9,"column":66}},"line":9}},"branchMap":{},"s":{"0":0,"1":0,"2":0},"f":{"0":0},"b":{}}
,"/home/lokers/React-project/blinkist/src/components/atoms/nav/nav-down/NavDown.tsx": {"path":"/home/lokers/React-project/blinkist/src/components/atoms/nav/nav-down/NavDown.tsx","statementMap":{"0":{"start":{"line":3,"column":16},"end":{"line":7,"column":1}},"1":{"start":{"line":4,"column":4},"end":{"line":6,"column":6}}},"fnMap":{"0":{"name":"(anonymous_0)","decl":{"start":{"line":3,"column":16},"end":{"line":3,"column":17}},"loc":{"start":{"line":3,"column":22},"end":{"line":7,"column":1}},"line":3}},"branchMap":{},"s":{"0":0,"1":0},"f":{"0":0},"b":{}}
,"/home/lokers/React-project/blinkist/src/components/atoms/nav/nav-up/NavUp.tsx": {"path":"/home/lokers/React-project/blinkist/src/components/atoms/nav/nav-up/NavUp.tsx","statementMap":{"0":{"start":{"line":4,"column":14},"end":{"line":10,"column":1}},"1":{"start":{"line":5,"column":2},"end":{"line":9,"column":4}}},"fnMap":{"0":{"name":"(anonymous_0)","decl":{"start":{"line":4,"column":14},"end":{"line":4,"column":15}},"loc":{"start":{"line":4,"column":20},"end":{"line":10,"column":1}},"line":4}},"branchMap":{},"s":{"0":0,"1":0},"f":{"0":0},"b":{}}
,"/home/lokers/React-project/blinkist/src/components/atoms/readagainbutton/ReadAgainButton.stories.tsx": {"path":"/home/lokers/React-project/blinkist/src/components/atoms/readagainbutton/ReadAgainButton.stories.tsx","statementMap":{"0":{"start":{"line":9,"column":57},"end":{"line":9,"column":96}},"1":{"start":{"line":9,"column":67},"end":{"line":9,"column":96}},"2":{"start":{"line":11,"column":23},"end":{"line":11,"column":40}},"3":{"start":{"line":13,"column":0},"end":{"line":16,"column":1}},"4":{"start":{"line":14,"column":27},"end":{"line":14,"column":31}}},"fnMap":{"0":{"name":"(anonymous_0)","decl":{"start":{"line":9,"column":57},"end":{"line":9,"column":58}},"loc":{"start":{"line":9,"column":67},"end":{"line":9,"column":96}},"line":9},"1":{"name":"(anonymous_1)","decl":{"start":{"line":14,"column":21},"end":{"line":14,"column":22}},"loc":{"start":{"line":14,"column":27},"end":{"line":14,"column":31}},"line":14}},"branchMap":{},"s":{"0":0,"1":0,"2":0,"3":0,"4":0},"f":{"0":0,"1":0},"b":{}}
,"/home/lokers/React-project/blinkist/src/components/atoms/readagainbutton/ReadAgainButton.tsx": {"path":"/home/lokers/React-project/blinkist/src/components/atoms/readagainbutton/ReadAgainButton.tsx","statementMap":{"0":{"start":{"line":13,"column":24},"end":{"line":45,"column":1}},"1":{"start":{"line":15,"column":19},"end":{"line":29,"column":4}},"2":{"start":{"line":31,"column":18},"end":{"line":31,"column":28}},"3":{"start":{"line":32,"column":2},"end":{"line":44,"column":4}},"4":{"start":{"line":38,"column":10},"end":{"line":38,"column":44}}},"fnMap":{"0":{"name":"(anonymous_0)","decl":{"start":{"line":13,"column":24},"end":{"line":13,"column":25}},"loc":{"start":{"line":13,"column":56},"end":{"line":45,"column":1}},"line":13},"1":{"name":"(anonymous_1)","decl":{"start":{"line":37,"column":17},"end":{"line":37,"column":18}},"loc":{"start":{"line":37,"column":23},"end":{"line":39,"column":9}},"line":37}},"branchMap":{},"s":{"0":0,"1":0,"2":0,"3":0,"4":0},"f":{"0":0,"1":0},"b":{}}
,"/home/lokers/React-project/blinkist/src/components/atoms/search-icon/SearchIcon.stories.tsx": {"path":"/home/lokers/React-project/blinkist/src/components/atoms/search-icon/SearchIcon.stories.tsx","statementMap":{"0":{"start":{"line":9,"column":52},"end":{"line":9,"column":73}},"1":{"start":{"line":9,"column":58},"end":{"line":9,"column":73}},"2":{"start":{"line":11,"column":23},"end":{"line":11,"column":40}}},"fnMap":{"0":{"name":"(anonymous_0)","decl":{"start":{"line":9,"column":52},"end":{"line":9,"column":53}},"loc":{"start":{"line":9,"column":58},"end":{"line":9,"column":73}},"line":9}},"branchMap":{},"s":{"0":0,"1":0,"2":0},"f":{"0":0},"b":{}}
,"/home/lokers/React-project/blinkist/src/components/atoms/search-icon/SearchIcon.tsx": {"path":"/home/lokers/React-project/blinkist/src/components/atoms/search-icon/SearchIcon.tsx","statementMap":{"0":{"start":{"line":4,"column":19},"end":{"line":6,"column":1}},"1":{"start":{"line":5,"column":4},"end":{"line":5,"column":68}}},"fnMap":{"0":{"name":"(anonymous_0)","decl":{"start":{"line":4,"column":19},"end":{"line":4,"column":20}},"loc":{"start":{"line":4,"column":25},"end":{"line":6,"column":1}},"line":4}},"branchMap":{},"s":{"0":0,"1":0},"f":{"0":0},"b":{}}
,"/home/lokers/React-project/blinkist/src/components/atoms/timer/Timer.stories.tsx": {"path":"/home/lokers/React-project/blinkist/src/components/atoms/timer/Timer.stories.tsx","statementMap":{"0":{"start":{"line":9,"column":47},"end":{"line":9,"column":62}},"1":{"start":{"line":9,"column":53},"end":{"line":9,"column":62}},"2":{"start":{"line":11,"column":23},"end":{"line":11,"column":40}}},"fnMap":{"0":{"name":"(anonymous_0)","decl":{"start":{"line":9,"column":47},"end":{"line":9,"column":48}},"loc":{"start":{"line":9,"column":53},"end":{"line":9,"column":62}},"line":9}},"branchMap":{},"s":{"0":0,"1":0,"2":0},"f":{"0":0},"b":{}}
,"/home/lokers/React-project/blinkist/src/components/atoms/timer/TimerIcon.tsx": {"path":"/home/lokers/React-project/blinkist/src/components/atoms/timer/TimerIcon.tsx","statementMap":{"0":{"start":{"line":4,"column":17},"end":{"line":8,"column":1}},"1":{"start":{"line":5,"column":2},"end":{"line":7,"column":3}}},"fnMap":{"0":{"name":"(anonymous_0)","decl":{"start":{"line":4,"column":17},"end":{"line":4,"column":18}},"loc":{"start":{"line":4,"column":23},"end":{"line":8,"column":1}},"line":4}},"branchMap":{},"s":{"0":0,"1":0},"f":{"0":0},"b":{}}
,"/home/lokers/React-project/blinkist/src/components/atoms/usericon/UserIcon.stories.tsx": {"path":"/home/lokers/React-project/blinkist/src/components/atoms/usericon/UserIcon.stories.tsx","statementMap":{"0":{"start":{"line":9,"column":50},"end":{"line":9,"column":68}},"1":{"start":{"line":9,"column":56},"end":{"line":9,"column":68}},"2":{"start":{"line":11,"column":24},"end":{"line":11,"column":41}}},"fnMap":{"0":{"name":"(anonymous_0)","decl":{"start":{"line":9,"column":50},"end":{"line":9,"column":51}},"loc":{"start":{"line":9,"column":56},"end":{"line":9,"column":68}},"line":9}},"branchMap":{},"s":{"0":0,"1":0,"2":0},"f":{"0":0},"b":{}}
,"/home/lokers/React-project/blinkist/src/components/atoms/usericon/UserIcon.tsx": {"path":"/home/lokers/React-project/blinkist/src/components/atoms/usericon/UserIcon.tsx","statementMap":{"0":{"start":{"line":4,"column":17},"end":{"line":6,"column":1}},"1":{"start":{"line":5,"column":4},"end":{"line":5,"column":57}}},"fnMap":{"0":{"name":"(anonymous_0)","decl":{"start":{"line":4,"column":17},"end":{"line":4,"column":18}},"loc":{"start":{"line":4,"column":23},"end":{"line":6,"column":1}},"line":4}},"branchMap":{},"s":{"0":0,"1":0},"f":{"0":0},"b":{}}
,"/home/lokers/React-project/blinkist/src/components/molecules/avatar/AvatarDropDown.tsx": {"path":"/home/lokers/React-project/blinkist/src/components/molecules/avatar/AvatarDropDown.tsx","statementMap":{"0":{"start":{"line":7,"column":23},"end":{"line":31,"column":1}},"1":{"start":{"line":8,"column":19},"end":{"line":17,"column":4}},"2":{"start":{"line":19,"column":18},"end":{"line":19,"column":28}},"3":{"start":{"line":21,"column":2},"end":{"line":30,"column":4}}},"fnMap":{"0":{"name":"(anonymous_0)","decl":{"start":{"line":7,"column":23},"end":{"line":7,"column":24}},"loc":{"start":{"line":7,"column":29},"end":{"line":31,"column":1}},"line":7}},"branchMap":{},"s":{"0":0,"1":0,"2":0,"3":0},"f":{"0":0},"b":{}}
,"/home/lokers/React-project/blinkist/src/components/molecules/banner/banneritems/BannerItems.stories.tsx": {"path":"/home/lokers/React-project/blinkist/src/components/molecules/banner/banneritems/BannerItems.stories.tsx","statementMap":{"0":{"start":{"line":9,"column":53},"end":{"line":9,"column":74}},"1":{"start":{"line":9,"column":59},"end":{"line":9,"column":74}},"2":{"start":{"line":11,"column":23},"end":{"line":11,"column":40}}},"fnMap":{"0":{"name":"(anonymous_0)","decl":{"start":{"line":9,"column":53},"end":{"line":9,"column":54}},"loc":{"start":{"line":9,"column":59},"end":{"line":9,"column":74}},"line":9}},"branchMap":{},"s":{"0":0,"1":0,"2":0},"f":{"0":0},"b":{}}
,"/home/lokers/React-project/blinkist/src/components/molecules/banner/banneritems/BannerItems.tsx": {"path":"/home/lokers/React-project/blinkist/src/components/molecules/banner/banneritems/BannerItems.tsx","statementMap":{"0":{"start":{"line":6,"column":20},"end":{"line":17,"column":1}},"1":{"start":{"line":7,"column":2},"end":{"line":16,"column":4}}},"fnMap":{"0":{"name":"(anonymous_0)","decl":{"start":{"line":6,"column":20},"end":{"line":6,"column":21}},"loc":{"start":{"line":6,"column":26},"end":{"line":17,"column":1}},"line":6}},"branchMap":{},"s":{"0":0,"1":0},"f":{"0":0},"b":{}}
,"/home/lokers/React-project/blinkist/src/components/molecules/banner/mainbanner/MainBanner.stories.tsx": {"path":"/home/lokers/React-project/blinkist/src/components/molecules/banner/mainbanner/MainBanner.stories.tsx","statementMap":{"0":{"start":{"line":9,"column":51},"end":{"line":9,"column":69}},"1":{"start":{"line":9,"column":55},"end":{"line":9,"column":69}},"2":{"start":{"line":11,"column":23},"end":{"line":11,"column":40}}},"fnMap":{"0":{"name":"(anonymous_0)","decl":{"start":{"line":9,"column":51},"end":{"line":9,"column":52}},"loc":{"start":{"line":9,"column":55},"end":{"line":9,"column":69}},"line":9}},"branchMap":{},"s":{"0":0,"1":0,"2":0},"f":{"0":0},"b":{}}
,"/home/lokers/React-project/blinkist/src/components/molecules/banner/mainbanner/MainBanner.tsx": {"path":"/home/lokers/React-project/blinkist/src/components/molecules/banner/mainbanner/MainBanner.tsx","statementMap":{"0":{"start":{"line":7,"column":19},"end":{"line":33,"column":1}},"1":{"start":{"line":8,"column":19},"end":{"line":23,"column":4}},"2":{"start":{"line":24,"column":18},"end":{"line":24,"column":28}},"3":{"start":{"line":25,"column":2},"end":{"line":32,"column":10}}},"fnMap":{"0":{"name":"(anonymous_0)","decl":{"start":{"line":7,"column":19},"end":{"line":7,"column":20}},"loc":{"start":{"line":7,"column":25},"end":{"line":33,"column":1}},"line":7}},"branchMap":{},"s":{"0":0,"1":0,"2":0,"3":0},"f":{"0":0},"b":{}}
,"/home/lokers/React-project/blinkist/src/components/molecules/bookdetailstabs/BookDetails.stories.tsx": {"path":"/home/lokers/React-project/blinkist/src/components/molecules/bookdetailstabs/BookDetails.stories.tsx","statementMap":{"0":{"start":{"line":9,"column":57},"end":{"line":11,"column":1}},"1":{"start":{"line":10,"column":2},"end":{"line":10,"column":21}},"2":{"start":{"line":13,"column":23},"end":{"line":13,"column":40}}},"fnMap":{"0":{"name":"(anonymous_0)","decl":{"start":{"line":9,"column":57},"end":{"line":9,"column":58}},"loc":{"start":{"line":10,"column":2},"end":{"line":10,"column":21}},"line":10}},"branchMap":{},"s":{"0":0,"1":0,"2":0},"f":{"0":0},"b":{}}
,"/home/lokers/React-project/blinkist/src/components/molecules/bookdetailstabs/BookDetailsTabs.tsx": {"path":"/home/lokers/React-project/blinkist/src/components/molecules/bookdetailstabs/BookDetailsTabs.tsx","statementMap":{"0":{"start":{"line":10,"column":24},"end":{"line":111,"column":1}},"1":{"start":{"line":12,"column":19},"end":{"line":49,"column":4}},"2":{"start":{"line":50,"column":18},"end":{"line":50,"column":28}},"3":{"start":{"line":51,"column":28},"end":{"line":51,"column":41}},"4":{"start":{"line":52,"column":26},"end":{"line":52,"column":41}},"5":{"start":{"line":54,"column":23},"end":{"line":57,"column":3}},"6":{"start":{"line":55,"column":4},"end":{"line":55,"column":23}},"7":{"start":{"line":56,"column":4},"end":{"line":56,"column":19}},"8":{"start":{"line":59,"column":2},"end":{"line":110,"column":4}}},"fnMap":{"0":{"name":"(anonymous_0)","decl":{"start":{"line":10,"column":24},"end":{"line":10,"column":25}},"loc":{"start":{"line":10,"column":30},"end":{"line":111,"column":1}},"line":10},"1":{"name":"(anonymous_1)","decl":{"start":{"line":54,"column":23},"end":{"line":54,"column":24}},"loc":{"start":{"line":54,"column":74},"end":{"line":57,"column":3}},"line":54}},"branchMap":{"0":{"loc":{"start":{"line":71,"column":21},"end":{"line":71,"column":73}},"type":"cond-expr","locations":[{"start":{"line":71,"column":37},"end":{"line":71,"column":54}},{"start":{"line":71,"column":57},"end":{"line":71,"column":73}}],"line":71},"1":{"loc":{"start":{"line":76,"column":21},"end":{"line":76,"column":73}},"type":"cond-expr","locations":[{"start":{"line":76,"column":37},"end":{"line":76,"column":54}},{"start":{"line":76,"column":57},"end":{"line":76,"column":73}}],"line":76},"2":{"loc":{"start":{"line":81,"column":21},"end":{"line":81,"column":73}},"type":"cond-expr","locations":[{"start":{"line":81,"column":37},"end":{"line":81,"column":54}},{"start":{"line":81,"column":57},"end":{"line":81,"column":73}}],"line":81}},"s":{"0":0,"1":0,"2":0,"3":0,"4":0,"5":0,"6":0,"7":0,"8":0},"f":{"0":0,"1":0},"b":{"0":[0,0],"1":[0,0],"2":[0,0]}}
,"/home/lokers/React-project/blinkist/src/components/molecules/card/CardHead.stories.tsx": {"path":"/home/lokers/React-project/blinkist/src/components/molecules/card/CardHead.stories.tsx","statementMap":{"0":{"start":{"line":9,"column":51},"end":{"line":9,"column":83}},"1":{"start":{"line":9,"column":61},"end":{"line":9,"column":83}},"2":{"start":{"line":11,"column":23},"end":{"line":11,"column":40}},"3":{"start":{"line":13,"column":0},"end":{"line":19,"column":1}}},"fnMap":{"0":{"name":"(anonymous_0)","decl":{"start":{"line":9,"column":51},"end":{"line":9,"column":52}},"loc":{"start":{"line":9,"column":61},"end":{"line":9,"column":83}},"line":9}},"branchMap":{},"s":{"0":0,"1":0,"2":0,"3":0},"f":{"0":0},"b":{}}
,"/home/lokers/React-project/blinkist/src/components/molecules/card/CardHead.tsx": {"path":"/home/lokers/React-project/blinkist/src/components/molecules/card/CardHead.tsx","statementMap":{"0":{"start":{"line":17,"column":17},"end":{"line":27,"column":2}},"1":{"start":{"line":28,"column":17},"end":{"line":57,"column":1}},"2":{"start":{"line":29,"column":18},"end":{"line":29,"column":28}},"3":{"start":{"line":30,"column":2},"end":{"line":56,"column":4}}},"fnMap":{"0":{"name":"(anonymous_0)","decl":{"start":{"line":28,"column":17},"end":{"line":28,"column":18}},"loc":{"start":{"line":28,"column":43},"end":{"line":57,"column":1}},"line":28}},"branchMap":{},"s":{"0":0,"1":0,"2":0,"3":0},"f":{"0":0},"b":{}}
,"/home/lokers/React-project/blinkist/src/components/molecules/explore-items/explore-header/ExploreMenuHead.stories.tsx": {"path":"/home/lokers/React-project/blinkist/src/components/molecules/explore-items/explore-header/ExploreMenuHead.stories.tsx","statementMap":{"0":{"start":{"line":9,"column":57},"end":{"line":9,"column":82}},"1":{"start":{"line":9,"column":63},"end":{"line":9,"column":82}},"2":{"start":{"line":11,"column":23},"end":{"line":11,"column":40}}},"fnMap":{"0":{"name":"(anonymous_0)","decl":{"start":{"line":9,"column":57},"end":{"line":9,"column":58}},"loc":{"start":{"line":9,"column":63},"end":{"line":9,"column":82}},"line":9}},"branchMap":{},"s":{"0":0,"1":0,"2":0},"f":{"0":0},"b":{}}
,"/home/lokers/React-project/blinkist/src/components/molecules/explore-items/explore-header/ExploreMenuHead.tsx": {"path":"/home/lokers/React-project/blinkist/src/components/molecules/explore-items/explore-header/ExploreMenuHead.tsx","statementMap":{"0":{"start":{"line":8,"column":24},"end":{"line":46,"column":1}},"1":{"start":{"line":10,"column":19},"end":{"line":22,"column":4}},"2":{"start":{"line":24,"column":18},"end":{"line":24,"column":28}},"3":{"start":{"line":25,"column":2},"end":{"line":45,"column":4}}},"fnMap":{"0":{"name":"(anonymous_0)","decl":{"start":{"line":8,"column":24},"end":{"line":8,"column":25}},"loc":{"start":{"line":8,"column":30},"end":{"line":46,"column":1}},"line":8}},"branchMap":{},"s":{"0":0,"1":0,"2":0,"3":0},"f":{"0":0},"b":{}}
,"/home/lokers/React-project/blinkist/src/components/molecules/explore-items/explore-menu/ExploreMenu.stories.tsx": {"path":"/home/lokers/React-project/blinkist/src/components/molecules/explore-items/explore-menu/ExploreMenu.stories.tsx","statementMap":{"0":{"start":{"line":9,"column":53},"end":{"line":9,"column":88}},"1":{"start":{"line":9,"column":63},"end":{"line":9,"column":88}},"2":{"start":{"line":11,"column":23},"end":{"line":11,"column":40}}},"fnMap":{"0":{"name":"(anonymous_0)","decl":{"start":{"line":9,"column":53},"end":{"line":9,"column":54}},"loc":{"start":{"line":9,"column":63},"end":{"line":9,"column":88}},"line":9}},"branchMap":{},"s":{"0":0,"1":0,"2":0},"f":{"0":0},"b":{}}
,"/home/lokers/React-project/blinkist/src/components/molecules/explore-items/explore-menu/ExploreMenu.tsx": {"path":"/home/lokers/React-project/blinkist/src/components/molecules/explore-items/explore-menu/ExploreMenu.tsx","statementMap":{"0":{"start":{"line":28,"column":24},"end":{"line":47,"column":1}},"1":{"start":{"line":54,"column":20},"end":{"line":124,"column":1}},"2":{"start":{"line":56,"column":19},"end":{"line":85,"column":4}},"3":{"start":{"line":87,"column":14},"end":{"line":87,"column":15}},"4":{"start":{"line":88,"column":18},"end":{"line":88,"column":28}},"5":{"start":{"line":89,"column":21},"end":{"line":98,"column":5}},"6":{"start":{"line":89,"column":49},"end":{"line":98,"column":3}},"7":{"start":{"line":99,"column":2},"end":{"line":123,"column":4}},"8":{"start":{"line":112,"column":16},"end":{"line":114,"column":23}}},"fnMap":{"0":{"name":"(anonymous_0)","decl":{"start":{"line":54,"column":20},"end":{"line":54,"column":21}},"loc":{"start":{"line":54,"column":40},"end":{"line":124,"column":1}},"line":54},"1":{"name":"(anonymous_1)","decl":{"start":{"line":89,"column":41},"end":{"line":89,"column":42}},"loc":{"start":{"line":89,"column":49},"end":{"line":98,"column":3}},"line":89},"2":{"name":"(anonymous_2)","decl":{"start":{"line":111,"column":30},"end":{"line":111,"column":31}},"loc":{"start":{"line":112,"column":16},"end":{"line":114,"column":23}},"line":112}},"branchMap":{},"s":{"0":0,"1":0,"2":0,"3":0,"4":0,"5":0,"6":0,"7":0,"8":0},"f":{"0":0,"1":0,"2":0},"b":{}}
,"/home/lokers/React-project/blinkist/src/components/molecules/footer/footercaption/FooterCaptionGrid.stories.tsx": {"path":"/home/lokers/React-project/blinkist/src/components/molecules/footer/footercaption/FooterCaptionGrid.stories.tsx","statementMap":{"0":{"start":{"line":10,"column":59},"end":{"line":12,"column":1}},"1":{"start":{"line":11,"column":2},"end":{"line":11,"column":23}},"2":{"start":{"line":13,"column":23},"end":{"line":13,"column":40}}},"fnMap":{"0":{"name":"(anonymous_0)","decl":{"start":{"line":10,"column":59},"end":{"line":10,"column":60}},"loc":{"start":{"line":11,"column":2},"end":{"line":11,"column":23}},"line":11}},"branchMap":{},"s":{"0":0,"1":0,"2":0},"f":{"0":0},"b":{}}
,"/home/lokers/React-project/blinkist/src/components/molecules/footer/footercaption/FooterCaptionGrid.tsx": {"path":"/home/lokers/React-project/blinkist/src/components/molecules/footer/footercaption/FooterCaptionGrid.tsx","statementMap":{"0":{"start":{"line":7,"column":17},"end":{"line":21,"column":2}},"1":{"start":{"line":22,"column":26},"end":{"line":34,"column":1}},"2":{"start":{"line":23,"column":18},"end":{"line":23,"column":28}},"3":{"start":{"line":24,"column":2},"end":{"line":33,"column":4}}},"fnMap":{"0":{"name":"(anonymous_0)","decl":{"start":{"line":22,"column":26},"end":{"line":22,"column":27}},"loc":{"start":{"line":22,"column":32},"end":{"line":34,"column":1}},"line":22}},"branchMap":{},"s":{"0":0,"1":0,"2":0,"3":0},"f":{"0":0},"b":{}}
,"/home/lokers/React-project/blinkist/src/components/molecules/footer/footernavlists/FooterNavListOne.stories.tsx": {"path":"/home/lokers/React-project/blinkist/src/components/molecules/footer/footernavlists/FooterNavListOne.stories.tsx","statementMap":{"0":{"start":{"line":8,"column":58},"end":{"line":10,"column":1}},"1":{"start":{"line":9,"column":4},"end":{"line":9,"column":24}},"2":{"start":{"line":12,"column":23},"end":{"line":12,"column":40}}},"fnMap":{"0":{"name":"(anonymous_0)","decl":{"start":{"line":8,"column":58},"end":{"line":8,"column":59}},"loc":{"start":{"line":9,"column":4},"end":{"line":9,"column":24}},"line":9}},"branchMap":{},"s":{"0":0,"1":0,"2":0},"f":{"0":0},"b":{}}
,"/home/lokers/React-project/blinkist/src/components/molecules/footer/footernavlists/FooterNavListOne.tsx": {"path":"/home/lokers/React-project/blinkist/src/components/molecules/footer/footernavlists/FooterNavListOne.tsx","statementMap":{"0":{"start":{"line":6,"column":13},"end":{"line":11,"column":1}},"1":{"start":{"line":12,"column":25},"end":{"line":25,"column":1}},"2":{"start":{"line":13,"column":2},"end":{"line":24,"column":4}},"3":{"start":{"line":19,"column":8},"end":{"line":21,"column":15}}},"fnMap":{"0":{"name":"(anonymous_0)","decl":{"start":{"line":12,"column":25},"end":{"line":12,"column":26}},"loc":{"start":{"line":12,"column":31},"end":{"line":25,"column":1}},"line":12},"1":{"name":"(anonymous_1)","decl":{"start":{"line":18,"column":16},"end":{"line":18,"column":17}},"loc":{"start":{"line":19,"column":8},"end":{"line":21,"column":15}},"line":19}},"branchMap":{},"s":{"0":0,"1":0,"2":0,"3":0},"f":{"0":0,"1":0},"b":{}}
,"/home/lokers/React-project/blinkist/src/components/molecules/footer/footernavlists/FooterNavListThree.tsx": {"path":"/home/lokers/React-project/blinkist/src/components/molecules/footer/footernavlists/FooterNavListThree.tsx","statementMap":{"0":{"start":{"line":7,"column":11},"end":{"line":7,"column":59}},"1":{"start":{"line":8,"column":27},"end":{"line":21,"column":1}},"2":{"start":{"line":9,"column":2},"end":{"line":20,"column":4}},"3":{"start":{"line":15,"column":8},"end":{"line":17,"column":15}}},"fnMap":{"0":{"name":"(anonymous_0)","decl":{"start":{"line":8,"column":27},"end":{"line":8,"column":28}},"loc":{"start":{"line":8,"column":33},"end":{"line":21,"column":1}},"line":8},"1":{"name":"(anonymous_1)","decl":{"start":{"line":14,"column":16},"end":{"line":14,"column":17}},"loc":{"start":{"line":15,"column":8},"end":{"line":17,"column":15}},"line":15}},"branchMap":{},"s":{"0":0,"1":0,"2":0,"3":0},"f":{"0":0,"1":0},"b":{}}
,"/home/lokers/React-project/blinkist/src/components/molecules/footer/footernavlists/FooterNavListTwo.tsx": {"path":"/home/lokers/React-project/blinkist/src/components/molecules/footer/footernavlists/FooterNavListTwo.tsx","statementMap":{"0":{"start":{"line":7,"column":13},"end":{"line":13,"column":1}},"1":{"start":{"line":14,"column":25},"end":{"line":27,"column":1}},"2":{"start":{"line":15,"column":2},"end":{"line":26,"column":4}},"3":{"start":{"line":21,"column":8},"end":{"line":23,"column":15}}},"fnMap":{"0":{"name":"(anonymous_0)","decl":{"start":{"line":14,"column":25},"end":{"line":14,"column":26}},"loc":{"start":{"line":14,"column":31},"end":{"line":27,"column":1}},"line":14},"1":{"name":"(anonymous_1)","decl":{"start":{"line":20,"column":16},"end":{"line":20,"column":17}},"loc":{"start":{"line":21,"column":8},"end":{"line":23,"column":15}},"line":21}},"branchMap":{},"s":{"0":0,"1":0,"2":0,"3":0},"f":{"0":0,"1":0},"b":{}}
,"/home/lokers/React-project/blinkist/src/components/molecules/footer/mainfooter/FooterMain.stories.tsx": {"path":"/home/lokers/React-project/blinkist/src/components/molecules/footer/mainfooter/FooterMain.stories.tsx","statementMap":{"0":{"start":{"line":9,"column":52},"end":{"line":9,"column":72}},"1":{"start":{"line":9,"column":58},"end":{"line":9,"column":72}},"2":{"start":{"line":11,"column":23},"end":{"line":11,"column":40}}},"fnMap":{"0":{"name":"(anonymous_0)","decl":{"start":{"line":9,"column":52},"end":{"line":9,"column":53}},"loc":{"start":{"line":9,"column":58},"end":{"line":9,"column":72}},"line":9}},"branchMap":{},"s":{"0":0,"1":0,"2":0},"f":{"0":0},"b":{}}
,"/home/lokers/React-project/blinkist/src/components/molecules/footer/mainfooter/FooterMain.tsx": {"path":"/home/lokers/React-project/blinkist/src/components/molecules/footer/mainfooter/FooterMain.tsx","statementMap":{"0":{"start":{"line":11,"column":17},"end":{"line":39,"column":2}},"1":{"start":{"line":40,"column":19},"end":{"line":67,"column":1}},"2":{"start":{"line":41,"column":20},"end":{"line":41,"column":30}},"3":{"start":{"line":42,"column":2},"end":{"line":66,"column":4}}},"fnMap":{"0":{"name":"(anonymous_0)","decl":{"start":{"line":40,"column":19},"end":{"line":40,"column":20}},"loc":{"start":{"line":40,"column":25},"end":{"line":67,"column":1}},"line":40}},"branchMap":{},"s":{"0":0,"1":0,"2":0,"3":0},"f":{"0":0},"b":{}}
,"/home/lokers/React-project/blinkist/src/components/molecules/read-time/ReadTime.stories.tsx": {"path":"/home/lokers/React-project/blinkist/src/components/molecules/read-time/ReadTime.stories.tsx","statementMap":{"0":{"start":{"line":9,"column":50},"end":{"line":9,"column":81}},"1":{"start":{"line":9,"column":60},"end":{"line":9,"column":81}},"2":{"start":{"line":11,"column":23},"end":{"line":11,"column":40}},"3":{"start":{"line":12,"column":0},"end":{"line":14,"column":1}}},"fnMap":{"0":{"name":"(anonymous_0)","decl":{"start":{"line":9,"column":50},"end":{"line":9,"column":51}},"loc":{"start":{"line":9,"column":60},"end":{"line":9,"column":81}},"line":9}},"branchMap":{},"s":{"0":0,"1":0,"2":0,"3":0},"f":{"0":0},"b":{}}
,"/home/lokers/React-project/blinkist/src/components/molecules/read-time/ReadTime.tsx": {"path":"/home/lokers/React-project/blinkist/src/components/molecules/read-time/ReadTime.tsx","statementMap":{"0":{"start":{"line":10,"column":17},"end":{"line":15,"column":2}},"1":{"start":{"line":16,"column":17},"end":{"line":29,"column":1}},"2":{"start":{"line":17,"column":18},"end":{"line":17,"column":28}},"3":{"start":{"line":19,"column":2},"end":{"line":28,"column":4}}},"fnMap":{"0":{"name":"(anonymous_0)","decl":{"start":{"line":16,"column":17},"end":{"line":16,"column":18}},"loc":{"start":{"line":16,"column":37},"end":{"line":29,"column":1}},"line":16}},"branchMap":{},"s":{"0":0,"1":0,"2":0,"3":0},"f":{"0":0},"b":{}}
,"/home/lokers/React-project/blinkist/src/components/molecules/readcount/ReadCount.stories.tsx": {"path":"/home/lokers/React-project/blinkist/src/components/molecules/readcount/ReadCount.stories.tsx","statementMap":{"0":{"start":{"line":9,"column":51},"end":{"line":9,"column":83}},"1":{"start":{"line":9,"column":61},"end":{"line":9,"column":83}},"2":{"start":{"line":11,"column":23},"end":{"line":11,"column":40}},"3":{"start":{"line":13,"column":0},"end":{"line":15,"column":1}}},"fnMap":{"0":{"name":"(anonymous_0)","decl":{"start":{"line":9,"column":51},"end":{"line":9,"column":52}},"loc":{"start":{"line":9,"column":61},"end":{"line":9,"column":83}},"line":9}},"branchMap":{},"s":{"0":0,"1":0,"2":0,"3":0},"f":{"0":0},"b":{}}
,"/home/lokers/React-project/blinkist/src/components/molecules/readcount/ReadCount.tsx": {"path":"/home/lokers/React-project/blinkist/src/components/molecules/readcount/ReadCount.tsx","statementMap":{"0":{"start":{"line":9,"column":17},"end":{"line":14,"column":2}},"1":{"start":{"line":15,"column":18},"end":{"line":27,"column":1}},"2":{"start":{"line":16,"column":18},"end":{"line":16,"column":28}},"3":{"start":{"line":17,"column":2},"end":{"line":26,"column":4}}},"fnMap":{"0":{"name":"(anonymous_0)","decl":{"start":{"line":15,"column":18},"end":{"line":15,"column":19}},"loc":{"start":{"line":15,"column":36},"end":{"line":27,"column":1}},"line":15}},"branchMap":{},"s":{"0":0,"1":0,"2":0,"3":0},"f":{"0":0},"b":{}}
,"/home/lokers/React-project/blinkist/src/components/organisms/bookdetails/BookDetailsPage.stories.tsx": {"path":"/home/lokers/React-project/blinkist/src/components/organisms/bookdetails/BookDetailsPage.stories.tsx","statementMap":{"0":{"start":{"line":8,"column":57},"end":{"line":8,"column":95}},"1":{"start":{"line":8,"column":67},"end":{"line":8,"column":95}},"2":{"start":{"line":10,"column":23},"end":{"line":10,"column":40}}},"fnMap":{"0":{"name":"(anonymous_0)","decl":{"start":{"line":8,"column":57},"end":{"line":8,"column":58}},"loc":{"start":{"line":8,"column":67},"end":{"line":8,"column":95}},"line":8}},"branchMap":{},"s":{"0":0,"1":0,"2":0},"f":{"0":0},"b":{}}
,"/home/lokers/React-project/blinkist/src/components/organisms/bookdetails/BookDetailsPage.tsx": {"path":"/home/lokers/React-project/blinkist/src/components/organisms/bookdetails/BookDetailsPage.tsx","statementMap":{"0":{"start":{"line":20,"column":24},"end":{"line":98,"column":1}},"1":{"start":{"line":21,"column":20},"end":{"line":35,"column":4}},"2":{"start":{"line":36,"column":18},"end":{"line":36,"column":29}},"3":{"start":{"line":38,"column":2},"end":{"line":97,"column":4}}},"fnMap":{"0":{"name":"(anonymous_0)","decl":{"start":{"line":20,"column":24},"end":{"line":20,"column":25}},"loc":{"start":{"line":20,"column":41},"end":{"line":98,"column":1}},"line":20}},"branchMap":{},"s":{"0":0,"1":0,"2":0,"3":0},"f":{"0":0},"b":{}}
,"/home/lokers/React-project/blinkist/src/components/organisms/cards/addcard/AddableCard.stories.tsx": {"path":"/home/lokers/React-project/blinkist/src/components/organisms/cards/addcard/AddableCard.stories.tsx","statementMap":{"0":{"start":{"line":9,"column":52},"end":{"line":9,"column":85}},"1":{"start":{"line":9,"column":60},"end":{"line":9,"column":85}},"2":{"start":{"line":11,"column":23},"end":{"line":11,"column":40}}},"fnMap":{"0":{"name":"(anonymous_0)","decl":{"start":{"line":9,"column":52},"end":{"line":9,"column":53}},"loc":{"start":{"line":9,"column":60},"end":{"line":9,"column":85}},"line":9}},"branchMap":{},"s":{"0":0,"1":0,"2":0},"f":{"0":0},"b":{}}
,"/home/lokers/React-project/blinkist/src/components/organisms/cards/addcard/AddableCard.tsx": {"path":"/home/lokers/React-project/blinkist/src/components/organisms/cards/addcard/AddableCard.tsx","statementMap":{"0":{"start":{"line":17,"column":20},"end":{"line":67,"column":1}},"1":{"start":{"line":19,"column":21},"end":{"line":41,"column":6}},"2":{"start":{"line":43,"column":20},"end":{"line":43,"column":30}},"3":{"start":{"line":44,"column":22},"end":{"line":59,"column":6}},"4":{"start":{"line":45,"column":8},"end":{"line":58,"column":19}},"5":{"start":{"line":60,"column":4},"end":{"line":66,"column":5}}},"fnMap":{"0":{"name":"(anonymous_0)","decl":{"start":{"line":17,"column":20},"end":{"line":17,"column":21}},"loc":{"start":{"line":17,"column":41},"end":{"line":67,"column":1}},"line":17},"1":{"name":"(anonymous_1)","decl":{"start":{"line":44,"column":44},"end":{"line":44,"column":45}},"loc":{"start":{"line":45,"column":8},"end":{"line":58,"column":19}},"line":45}},"branchMap":{},"s":{"0":0,"1":0,"2":0,"3":0,"4":0,"5":0},"f":{"0":0,"1":0},"b":{}}
,"/home/lokers/React-project/blinkist/src/components/organisms/cards/cardmaterial/CardUi.stories.tsx": {"path":"/home/lokers/React-project/blinkist/src/components/organisms/cards/cardmaterial/CardUi.stories.tsx","statementMap":{"0":{"start":{"line":9,"column":48},"end":{"line":9,"column":78}},"1":{"start":{"line":9,"column":58},"end":{"line":9,"column":78}},"2":{"start":{"line":11,"column":23},"end":{"line":11,"column":40}}},"fnMap":{"0":{"name":"(anonymous_0)","decl":{"start":{"line":9,"column":48},"end":{"line":9,"column":49}},"loc":{"start":{"line":9,"column":58},"end":{"line":9,"column":78}},"line":9}},"branchMap":{},"s":{"0":0,"1":0,"2":0},"f":{"0":0},"b":{}}
,"/home/lokers/React-project/blinkist/src/components/organisms/cards/cardmaterial/CardUi.tsx": {"path":"/home/lokers/React-project/blinkist/src/components/organisms/cards/cardmaterial/CardUi.tsx","statementMap":{"0":{"start":{"line":24,"column":15},"end":{"line":91,"column":1}},"1":{"start":{"line":27,"column":19},"end":{"line":36,"column":4}},"2":{"start":{"line":38,"column":18},"end":{"line":38,"column":28}},"3":{"start":{"line":40,"column":20},"end":{"line":76,"column":4}},"4":{"start":{"line":41,"column":4},"end":{"line":75,"column":11}},"5":{"start":{"line":78,"column":2},"end":{"line":90,"column":4}}},"fnMap":{"0":{"name":"(anonymous_0)","decl":{"start":{"line":24,"column":15},"end":{"line":24,"column":16}},"loc":{"start":{"line":24,"column":37},"end":{"line":91,"column":1}},"line":24},"1":{"name":"(anonymous_1)","decl":{"start":{"line":40,"column":42},"end":{"line":40,"column":43}},"loc":{"start":{"line":41,"column":4},"end":{"line":75,"column":11}},"line":41}},"branchMap":{"0":{"loc":{"start":{"line":54,"column":13},"end":{"line":71,"column":13}},"type":"cond-expr","locations":[{"start":{"line":55,"column":14},"end":{"line":61,"column":17}},{"start":{"line":63,"column":14},"end":{"line":70,"column":17}}],"line":54}},"s":{"0":0,"1":0,"2":0,"3":0,"4":0,"5":0},"f":{"0":0,"1":0},"b":{"0":[0,0]}}
,"/home/lokers/React-project/blinkist/src/components/organisms/header/header-left/HeaderLeft.stories.tsx": {"path":"/home/lokers/React-project/blinkist/src/components/organisms/header/header-left/HeaderLeft.stories.tsx","statementMap":{"0":{"start":{"line":9,"column":52},"end":{"line":9,"column":86}},"1":{"start":{"line":9,"column":62},"end":{"line":9,"column":86}},"2":{"start":{"line":11,"column":23},"end":{"line":11,"column":40}},"3":{"start":{"line":13,"column":0},"end":{"line":15,"column":1}}},"fnMap":{"0":{"name":"(anonymous_0)","decl":{"start":{"line":9,"column":52},"end":{"line":9,"column":53}},"loc":{"start":{"line":9,"column":62},"end":{"line":9,"column":86}},"line":9}},"branchMap":{},"s":{"0":0,"1":0,"2":0,"3":0},"f":{"0":0},"b":{}}
,"/home/lokers/React-project/blinkist/src/components/organisms/header/header-left/HeaderLeft.tsx": {"path":"/home/lokers/React-project/blinkist/src/components/organisms/header/header-left/HeaderLeft.tsx","statementMap":{"0":{"start":{"line":15,"column":19},"end":{"line":50,"column":1}},"1":{"start":{"line":17,"column":19},"end":{"line":31,"column":4}},"2":{"start":{"line":33,"column":18},"end":{"line":33,"column":28}},"3":{"start":{"line":34,"column":2},"end":{"line":49,"column":4}}},"fnMap":{"0":{"name":"(anonymous_0)","decl":{"start":{"line":15,"column":19},"end":{"line":15,"column":20}},"loc":{"start":{"line":15,"column":47},"end":{"line":50,"column":1}},"line":15}},"branchMap":{},"s":{"0":0,"1":0,"2":0,"3":0},"f":{"0":0},"b":{}}
,"/home/lokers/React-project/blinkist/src/components/organisms/header/toolbar/ToolBarHeader.stories.tsx": {"path":"/home/lokers/React-project/blinkist/src/components/organisms/header/toolbar/ToolBarHeader.stories.tsx","statementMap":{"0":{"start":{"line":9,"column":55},"end":{"line":9,"column":92}},"1":{"start":{"line":9,"column":65},"end":{"line":9,"column":92}},"2":{"start":{"line":11,"column":23},"end":{"line":11,"column":40}},"3":{"start":{"line":13,"column":0},"end":{"line":15,"column":1}}},"fnMap":{"0":{"name":"(anonymous_0)","decl":{"start":{"line":9,"column":55},"end":{"line":9,"column":56}},"loc":{"start":{"line":9,"column":65},"end":{"line":9,"column":92}},"line":9}},"branchMap":{},"s":{"0":0,"1":0,"2":0,"3":0},"f":{"0":0},"b":{}}
,"/home/lokers/React-project/blinkist/src/components/organisms/header/toolbar/ToolBarHeader.tsx": {"path":"/home/lokers/React-project/blinkist/src/components/organisms/header/toolbar/ToolBarHeader.tsx","statementMap":{"0":{"start":{"line":11,"column":22},"end":{"line":26,"column":1}},"1":{"start":{"line":12,"column":2},"end":{"line":25,"column":4}}},"fnMap":{"0":{"name":"(anonymous_0)","decl":{"start":{"line":11,"column":22},"end":{"line":11,"column":23}},"loc":{"start":{"line":11,"column":40},"end":{"line":26,"column":1}},"line":11}},"branchMap":{},"s":{"0":0,"1":0},"f":{"0":0},"b":{}}
,"/home/lokers/React-project/blinkist/src/components/organisms/search/MainSearch.stories.tsx": {"path":"/home/lokers/React-project/blinkist/src/components/organisms/search/MainSearch.stories.tsx","statementMap":{"0":{"start":{"line":10,"column":52},"end":{"line":10,"column":85}},"1":{"start":{"line":10,"column":62},"end":{"line":10,"column":85}},"2":{"start":{"line":12,"column":23},"end":{"line":12,"column":40}}},"fnMap":{"0":{"name":"(anonymous_0)","decl":{"start":{"line":10,"column":52},"end":{"line":10,"column":53}},"loc":{"start":{"line":10,"column":62},"end":{"line":10,"column":85}},"line":10}},"branchMap":{},"s":{"0":0,"1":0,"2":0},"f":{"0":0},"b":{}}
,"/home/lokers/React-project/blinkist/src/components/organisms/search/MainSearch.tsx": {"path":"/home/lokers/React-project/blinkist/src/components/organisms/search/MainSearch.tsx","statementMap":{"0":{"start":{"line":12,"column":19},"end":{"line":47,"column":1}},"1":{"start":{"line":14,"column":19},"end":{"line":25,"column":4}},"2":{"start":{"line":27,"column":18},"end":{"line":27,"column":28}},"3":{"start":{"line":28,"column":2},"end":{"line":46,"column":4}},"4":{"start":{"line":41,"column":8},"end":{"line":41,"column":51}}},"fnMap":{"0":{"name":"(anonymous_0)","decl":{"start":{"line":12,"column":19},"end":{"line":12,"column":20}},"loc":{"start":{"line":12,"column":48},"end":{"line":47,"column":1}},"line":12},"1":{"name":"(anonymous_1)","decl":{"start":{"line":40,"column":16},"end":{"line":40,"column":17}},"loc":{"start":{"line":40,"column":23},"end":{"line":42,"column":7}},"line":40}},"branchMap":{},"s":{"0":0,"1":0,"2":0,"3":0,"4":0},"f":{"0":0,"1":0},"b":{}}
,"/home/lokers/React-project/blinkist/src/components/organisms/tabs/ReadingTabs.tsx": {"path":"/home/lokers/React-project/blinkist/src/components/organisms/tabs/ReadingTabs.tsx","statementMap":{"0":{"start":{"line":32,"column":20},"end":{"line":101,"column":1}},"1":{"start":{"line":34,"column":17},"end":{"line":53,"column":2}},"2":{"start":{"line":55,"column":18},"end":{"line":55,"column":28}},"3":{"start":{"line":56,"column":28},"end":{"line":56,"column":41}},"4":{"start":{"line":57,"column":26},"end":{"line":57,"column":41}},"5":{"start":{"line":59,"column":21},"end":{"line":62,"column":3}},"6":{"start":{"line":60,"column":4},"end":{"line":60,"column":23}},"7":{"start":{"line":61,"column":4},"end":{"line":61,"column":19}},"8":{"start":{"line":64,"column":2},"end":{"line":100,"column":4}}},"fnMap":{"0":{"name":"(anonymous_0)","decl":{"start":{"line":32,"column":20},"end":{"line":32,"column":21}},"loc":{"start":{"line":32,"column":38},"end":{"line":101,"column":1}},"line":32},"1":{"name":"(anonymous_1)","decl":{"start":{"line":59,"column":21},"end":{"line":59,"column":22}},"loc":{"start":{"line":59,"column":72},"end":{"line":62,"column":3}},"line":59}},"branchMap":{"0":{"loc":{"start":{"line":78,"column":23},"end":{"line":78,"column":76}},"type":"cond-expr","locations":[{"start":{"line":78,"column":40},"end":{"line":78,"column":57}},{"start":{"line":78,"column":60},"end":{"line":78,"column":76}}],"line":78},"1":{"loc":{"start":{"line":84,"column":23},"end":{"line":84,"column":76}},"type":"cond-expr","locations":[{"start":{"line":84,"column":40},"end":{"line":84,"column":57}},{"start":{"line":84,"column":60},"end":{"line":84,"column":76}}],"line":84}},"s":{"0":0,"1":0,"2":0,"3":0,"4":0,"5":0,"6":0,"7":0,"8":0},"f":{"0":0,"1":0},"b":{"0":[0,0],"1":[0,0]}}
,"/home/lokers/React-project/blinkist/src/stories/Button.stories.tsx": {"path":"/home/lokers/React-project/blinkist/src/stories/Button.stories.tsx","statementMap":{"0":{"start":{"line":17,"column":48},"end":{"line":17,"column":78}},"1":{"start":{"line":17,"column":58},"end":{"line":17,"column":78}},"2":{"start":{"line":19,"column":23},"end":{"line":19,"column":40}},"3":{"start":{"line":21,"column":0},"end":{"line":24,"column":2}},"4":{"start":{"line":26,"column":25},"end":{"line":26,"column":42}},"5":{"start":{"line":27,"column":0},"end":{"line":29,"column":2}},"6":{"start":{"line":31,"column":21},"end":{"line":31,"column":38}},"7":{"start":{"line":32,"column":0},"end":{"line":35,"column":2}},"8":{"start":{"line":37,"column":21},"end":{"line":37,"column":38}},"9":{"start":{"line":38,"column":0},"end":{"line":41,"column":2}}},"fnMap":{"0":{"name":"(anonymous_0)","decl":{"start":{"line":17,"column":48},"end":{"line":17,"column":49}},"loc":{"start":{"line":17,"column":58},"end":{"line":17,"column":78}},"line":17}},"branchMap":{},"s":{"0":0,"1":0,"2":0,"3":0,"4":0,"5":0,"6":0,"7":0,"8":0,"9":0},"f":{"0":0},"b":{}}
,"/home/lokers/React-project/blinkist/src/stories/Button.tsx": {"path":"/home/lokers/React-project/blinkist/src/stories/Button.tsx","statementMap":{"0":{"start":{"line":30,"column":22},"end":{"line":48,"column":1}},"1":{"start":{"line":37,"column":15},"end":{"line":37,"column":84}},"2":{"start":{"line":38,"column":2},"end":{"line":47,"column":4}}},"fnMap":{"0":{"name":"(anonymous_0)","decl":{"start":{"line":30,"column":22},"end":{"line":30,"column":23}},"loc":{"start":{"line":36,"column":19},"end":{"line":48,"column":1}},"line":36}},"branchMap":{"0":{"loc":{"start":{"line":31,"column":2},"end":{"line":31,"column":17}},"type":"default-arg","locations":[{"start":{"line":31,"column":12},"end":{"line":31,"column":17}}],"line":31},"1":{"loc":{"start":{"line":32,"column":2},"end":{"line":32,"column":17}},"type":"default-arg","locations":[{"start":{"line":32,"column":9},"end":{"line":32,"column":17}}],"line":32},"2":{"loc":{"start":{"line":37,"column":15},"end":{"line":37,"column":84}},"type":"cond-expr","locations":[{"start":{"line":37,"column":25},"end":{"line":37,"column":52}},{"start":{"line":37,"column":55},"end":{"line":37,"column":84}}],"line":37}},"s":{"0":0,"1":0,"2":0},"f":{"0":0},"b":{"0":[0],"1":[0],"2":[0,0]}}
,"/home/lokers/React-project/blinkist/src/stories/Header.stories.tsx": {"path":"/home/lokers/React-project/blinkist/src/stories/Header.stories.tsx","statementMap":{"0":{"start":{"line":11,"column":48},"end":{"line":11,"column":78}},"1":{"start":{"line":11,"column":58},"end":{"line":11,"column":78}},"2":{"start":{"line":13,"column":24},"end":{"line":13,"column":41}},"3":{"start":{"line":14,"column":0},"end":{"line":16,"column":2}},"4":{"start":{"line":18,"column":25},"end":{"line":18,"column":42}},"5":{"start":{"line":19,"column":0},"end":{"line":19,"column":20}}},"fnMap":{"0":{"name":"(anonymous_0)","decl":{"start":{"line":11,"column":48},"end":{"line":11,"column":49}},"loc":{"start":{"line":11,"column":58},"end":{"line":11,"column":78}},"line":11}},"branchMap":{},"s":{"0":0,"1":0,"2":0,"3":0,"4":0,"5":0},"f":{"0":0},"b":{}}
,"/home/lokers/React-project/blinkist/src/stories/Header.tsx": {"path":"/home/lokers/React-project/blinkist/src/stories/Header.tsx","statementMap":{"0":{"start":{"line":13,"column":22},"end":{"line":47,"column":1}},"1":{"start":{"line":14,"column":2},"end":{"line":46,"column":11}}},"fnMap":{"0":{"name":"(anonymous_0)","decl":{"start":{"line":13,"column":22},"end":{"line":13,"column":23}},"loc":{"start":{"line":14,"column":2},"end":{"line":46,"column":11}},"line":14}},"branchMap":{"0":{"loc":{"start":{"line":36,"column":9},"end":{"line":43,"column":9}},"type":"cond-expr","locations":[{"start":{"line":37,"column":10},"end":{"line":37,"column":68}},{"start":{"line":39,"column":10},"end":{"line":42,"column":13}}],"line":36}},"s":{"0":0,"1":0},"f":{"0":0},"b":{"0":[0,0]}}
,"/home/lokers/React-project/blinkist/src/stories/Page.stories.tsx": {"path":"/home/lokers/React-project/blinkist/src/stories/Page.stories.tsx","statementMap":{"0":{"start":{"line":12,"column":46},"end":{"line":12,"column":74}},"1":{"start":{"line":12,"column":56},"end":{"line":12,"column":74}},"2":{"start":{"line":14,"column":24},"end":{"line":14,"column":41}},"3":{"start":{"line":15,"column":0},"end":{"line":18,"column":2}},"4":{"start":{"line":20,"column":25},"end":{"line":20,"column":42}},"5":{"start":{"line":21,"column":0},"end":{"line":23,"column":2}}},"fnMap":{"0":{"name":"(anonymous_0)","decl":{"start":{"line":12,"column":46},"end":{"line":12,"column":47}},"loc":{"start":{"line":12,"column":56},"end":{"line":12,"column":74}},"line":12}},"branchMap":{},"s":{"0":0,"1":0,"2":0,"3":0,"4":0,"5":0},"f":{"0":0},"b":{}}
,"/home/lokers/React-project/blinkist/src/stories/Page.tsx": {"path":"/home/lokers/React-project/blinkist/src/stories/Page.tsx","statementMap":{"0":{"start":{"line":13,"column":20},"end":{"line":67,"column":1}},"1":{"start":{"line":14,"column":2},"end":{"line":66,"column":12}}},"fnMap":{"0":{"name":"(anonymous_0)","decl":{"start":{"line":13,"column":20},"end":{"line":13,"column":21}},"loc":{"start":{"line":14,"column":2},"end":{"line":66,"column":12}},"line":14}},"branchMap":{},"s":{"0":0,"1":0},"f":{"0":0},"b":{}}
,"/home/lokers/React-project/blinkist/src/themes/Theme.tsx": {"path":"/home/lokers/React-project/blinkist/src/themes/Theme.tsx","statementMap":{"0":{"start":{"line":36,"column":21},"end":{"line":126,"column":2}}},"fnMap":{},"branchMap":{},"s":{"0":2},"f":{},"b":{},"_coverageSchema":"1a1c01bbd47fc00a2c39e90264f33305004495a9","hash":"51c00f5338c63b254af209ac2d3ea35b5aed0d7f"}
}
